This is pdfTeX, Version 3.14159265-2.6-1.40.19 (TeX Live 2018/W32TeX) (preloaded format=pdflatex 2019.3.13)  22 JUL 2020 15:46
entering extended mode
 restricted \write18 enabled.
 %&-line parsing enabled.
**Manual_MagFieldContraption_1V0.tex
(./Manual_MagFieldContraption_1V0.tex
LaTeX2e <2018-12-01>
(c:/texlive/2018/texmf-dist/tex/latex/base/report.cls
Document Class: report 2018/09/03 v1.4i Standard LaTeX document class
(c:/texlive/2018/texmf-dist/tex/latex/base/size12.clo
File: size12.clo 2018/09/03 v1.4i Standard LaTeX file (size option)
)
\c@part=\count80
\c@chapter=\count81
\c@section=\count82
\c@subsection=\count83
\c@subsubsection=\count84
\c@paragraph=\count85
\c@subparagraph=\count86
\c@figure=\count87
\c@table=\count88
\abovecaptionskip=\skip41
\belowcaptionskip=\skip42
\bibindent=\dimen102
)
(c:/texlive/2018/texmf-dist/tex/latex/outline/outline.sty
Package: outline 2002/08/23 Simple Outline Package
\c@@outlndepth=\count89
\@outlndepth=\count90
\c@outlni=\count91
\c@outlnii=\count92
\c@outlniii=\count93
\c@outlniv=\count94
\c@outlnv=\count95
\c@outlnvi=\count96
)
(c:/texlive/2018/texmf-dist/tex/latex/pmgraph/pmgraph.sty
\@dimenA=\dimen103
\@dimenB=\dimen104
\@dimenC=\dimen105
\@dimenD=\dimen106
)
(c:/texlive/2018/texmf-dist/tex/generic/ulem/ulem.sty
\UL@box=\box27
\UL@hyphenbox=\box28
\UL@skip=\skip43
\UL@hook=\toks14
\UL@height=\dimen107
\UL@pe=\count97
\UL@pixel=\dimen108
\ULC@box=\box29
Package: ulem 2012/05/18
\ULdepth=\dimen109
)
(c:/texlive/2018/texmf-dist/tex/latex/base/inputenc.sty
Package: inputenc 2018/08/11 v1.3c Input encoding file
\inpenc@prehook=\toks15
\inpenc@posthook=\toks16
)
(c:/texlive/2018/texmf-dist/tex/latex/graphics/graphicx.sty
Package: graphicx 2017/06/01 v1.1a Enhanced LaTeX Graphics (DPC,SPQR)

(c:/texlive/2018/texmf-dist/tex/latex/graphics/keyval.sty
Package: keyval 2014/10/28 v1.15 key=value parser (DPC)
\KV@toks@=\toks17
)
(c:/texlive/2018/texmf-dist/tex/latex/graphics/graphics.sty
Package: graphics 2017/06/25 v1.2c Standard LaTeX Graphics (DPC,SPQR)

(c:/texlive/2018/texmf-dist/tex/latex/graphics/trig.sty
Package: trig 2016/01/03 v1.10 sin cos tan (DPC)
)
(c:/texlive/2018/texmf-dist/tex/latex/graphics-cfg/graphics.cfg
File: graphics.cfg 2016/06/04 v1.11 sample graphics configuration
)
Package graphics Info: Driver file: pdftex.def on input line 99.

(c:/texlive/2018/texmf-dist/tex/latex/graphics-def/pdftex.def
File: pdftex.def 2018/01/08 v1.0l Graphics/color driver for pdftex
))
\Gin@req@height=\dimen110
\Gin@req@width=\dimen111
)
(c:/texlive/2018/texmf-dist/tex/latex/xcolor/xcolor.sty
Package: xcolor 2016/05/11 v2.12 LaTeX color extensions (UK)

(c:/texlive/2018/texmf-dist/tex/latex/graphics-cfg/color.cfg
File: color.cfg 2016/01/02 v1.6 sample color configuration
)
Package xcolor Info: Driver file: pdftex.def on input line 225.
Package xcolor Info: Model `cmy' substituted by `cmy0' on input line 1348.
Package xcolor Info: Model `hsb' substituted by `rgb' on input line 1352.
Package xcolor Info: Model `RGB' extended on input line 1364.
Package xcolor Info: Model `HTML' substituted by `rgb' on input line 1366.
Package xcolor Info: Model `Hsb' substituted by `hsb' on input line 1367.
Package xcolor Info: Model `tHsb' substituted by `hsb' on input line 1368.
Package xcolor Info: Model `HSB' substituted by `hsb' on input line 1369.
Package xcolor Info: Model `Gray' substituted by `gray' on input line 1370.
Package xcolor Info: Model `wave' substituted by `hsb' on input line 1371.
)
(c:/texlive/2018/texmf-dist/tex/latex/amsmath/amsmath.sty
Package: amsmath 2018/12/01 v2.17b AMS math features
\@mathmargin=\skip44

For additional information on amsmath, use the `?' option.
(c:/texlive/2018/texmf-dist/tex/latex/amsmath/amstext.sty
Package: amstext 2000/06/29 v2.01 AMS text

(c:/texlive/2018/texmf-dist/tex/latex/amsmath/amsgen.sty
File: amsgen.sty 1999/11/30 v2.0 generic functions
\@emptytoks=\toks18
\ex@=\dimen112
))
(c:/texlive/2018/texmf-dist/tex/latex/amsmath/amsbsy.sty
Package: amsbsy 1999/11/29 v1.2d Bold Symbols
\pmbraise@=\dimen113
)
(c:/texlive/2018/texmf-dist/tex/latex/amsmath/amsopn.sty
Package: amsopn 2016/03/08 v2.02 operator names
)
\inf@bad=\count98
LaTeX Info: Redefining \frac on input line 223.
\uproot@=\count99
\leftroot@=\count100
LaTeX Info: Redefining \overline on input line 385.
\classnum@=\count101
\DOTSCASE@=\count102
LaTeX Info: Redefining \ldots on input line 482.
LaTeX Info: Redefining \dots on input line 485.
LaTeX Info: Redefining \cdots on input line 606.
\Mathstrutbox@=\box30
\strutbox@=\box31
\big@size=\dimen114
LaTeX Font Info:    Redeclaring font encoding OML on input line 729.
LaTeX Font Info:    Redeclaring font encoding OMS on input line 730.
\macc@depth=\count103
\c@MaxMatrixCols=\count104
\dotsspace@=\muskip10
\c@parentequation=\count105
\dspbrk@lvl=\count106
\tag@help=\toks19
\row@=\count107
\column@=\count108
\maxfields@=\count109
\andhelp@=\toks20
\eqnshift@=\dimen115
\alignsep@=\dimen116
\tagshift@=\dimen117
\tagwidth@=\dimen118
\totwidth@=\dimen119
\lineht@=\dimen120
\@envbody=\toks21
\multlinegap=\skip45
\multlinetaggap=\skip46
\mathdisplay@stack=\toks22
LaTeX Info: Redefining \[ on input line 2844.
LaTeX Info: Redefining \] on input line 2845.
)
(c:/texlive/2018/texmf-dist/tex/latex/siunitx/siunitx.sty
(c:/texlive/2018/texmf-dist/tex/latex/l3kernel/expl3.sty
Package: expl3 2019-02-15 L3 programming layer (loader) 

(c:/texlive/2018/texmf-dist/tex/latex/l3kernel/expl3-code.tex
Package: expl3 2019-02-15 L3 programming layer (code)
\c_max_int=\count110
\l_tmpa_int=\count111
\l_tmpb_int=\count112
\g_tmpa_int=\count113
\g_tmpb_int=\count114
\g__kernel_prg_map_int=\count115
\c_log_iow=\count116
\l_iow_line_count_int=\count117
\l__iow_line_target_int=\count118
\l__iow_one_indent_int=\count119
\l__iow_indent_int=\count120
\c_zero_dim=\dimen121
\c_max_dim=\dimen122
\l_tmpa_dim=\dimen123
\l_tmpb_dim=\dimen124
\g_tmpa_dim=\dimen125
\g_tmpb_dim=\dimen126
\c_zero_skip=\skip47
\c_max_skip=\skip48
\l_tmpa_skip=\skip49
\l_tmpb_skip=\skip50
\g_tmpa_skip=\skip51
\g_tmpb_skip=\skip52
\c_zero_muskip=\muskip11
\c_max_muskip=\muskip12
\l_tmpa_muskip=\muskip13
\l_tmpb_muskip=\muskip14
\g_tmpa_muskip=\muskip15
\g_tmpb_muskip=\muskip16
\l_keys_choice_int=\count121
\l__intarray_loop_int=\count122
\c__intarray_sp_dim=\dimen127
\g__intarray_font_int=\count123
\c__fp_leading_shift_int=\count124
\c__fp_middle_shift_int=\count125
\c__fp_trailing_shift_int=\count126
\c__fp_big_leading_shift_int=\count127
\c__fp_big_middle_shift_int=\count128
\c__fp_big_trailing_shift_int=\count129
\c__fp_Bigg_leading_shift_int=\count130
\c__fp_Bigg_middle_shift_int=\count131
\c__fp_Bigg_trailing_shift_int=\count132
\c__kernel_randint_max_int=\count133
\g__fp_array_int=\count134
\l__fp_array_loop_int=\count135
\l__sort_length_int=\count136
\l__sort_min_int=\count137
\l__sort_top_int=\count138
\l__sort_max_int=\count139
\l__sort_true_max_int=\count140
\l__sort_block_int=\count141
\l__sort_begin_int=\count142
\l__sort_end_int=\count143
\l__sort_A_int=\count144
\l__sort_B_int=\count145
\l__sort_C_int=\count146
\l__tl_analysis_normal_int=\count147
\l__tl_analysis_index_int=\count148
\l__tl_analysis_nesting_int=\count149
\l__tl_analysis_type_int=\count150
\l__regex_internal_a_int=\count151
\l__regex_internal_b_int=\count152
\l__regex_internal_c_int=\count153
\l__regex_balance_int=\count154
\l__regex_group_level_int=\count155
\l__regex_mode_int=\count156
\c__regex_cs_in_class_mode_int=\count157
\c__regex_cs_mode_int=\count158
\l__regex_catcodes_int=\count159
\l__regex_default_catcodes_int=\count160
\c__regex_catcode_D_int=\count161
\c__regex_catcode_S_int=\count162
\c__regex_catcode_L_int=\count163
\c__regex_catcode_O_int=\count164
\c__regex_catcode_A_int=\count165
\c__regex_all_catcodes_int=\count166
\l__regex_show_lines_int=\count167
\l__regex_min_state_int=\count168
\l__regex_max_state_int=\count169
\l__regex_left_state_int=\count170
\l__regex_right_state_int=\count171
\l__regex_capturing_group_int=\count172
\l__regex_min_pos_int=\count173
\l__regex_max_pos_int=\count174
\l__regex_curr_pos_int=\count175
\l__regex_start_pos_int=\count176
\l__regex_success_pos_int=\count177
\l__regex_curr_char_int=\count178
\l__regex_curr_catcode_int=\count179
\l__regex_last_char_int=\count180
\l__regex_case_changed_char_int=\count181
\l__regex_curr_state_int=\count182
\l__regex_step_int=\count183
\l__regex_min_active_int=\count184
\l__regex_max_active_int=\count185
\l__regex_replacement_csnames_int=\count186
\l__regex_match_count_int=\count187
\l__regex_min_submatch_int=\count188
\l__regex_submatch_int=\count189
\l__regex_zeroth_submatch_int=\count190
\g__regex_trace_regex_int=\count191
\c_empty_box=\box32
\l_tmpa_box=\box33
\l_tmpb_box=\box34
\g_tmpa_box=\box35
\g_tmpb_box=\box36
\l__box_top_dim=\dimen128
\l__box_bottom_dim=\dimen129
\l__box_left_dim=\dimen130
\l__box_right_dim=\dimen131
\l__box_top_new_dim=\dimen132
\l__box_bottom_new_dim=\dimen133
\l__box_left_new_dim=\dimen134
\l__box_right_new_dim=\dimen135
\l__box_internal_box=\box37
\l__coffin_internal_box=\box38
\l__coffin_internal_dim=\dimen136
\l__coffin_offset_x_dim=\dimen137
\l__coffin_offset_y_dim=\dimen138
\l__coffin_x_dim=\dimen139
\l__coffin_y_dim=\dimen140
\l__coffin_x_prime_dim=\dimen141
\l__coffin_y_prime_dim=\dimen142
\c_empty_coffin=\box39
\l__coffin_aligned_coffin=\box40
\l__coffin_aligned_internal_coffin=\box41
\l_tmpa_coffin=\box42
\l_tmpb_coffin=\box43
\g_tmpa_coffin=\box44
\g_tmpb_coffin=\box45
\c__coffin_empty_coffin=\box46
\l__coffin_display_coffin=\box47
\l__coffin_display_coord_coffin=\box48
\l__coffin_display_pole_coffin=\box49
\l__coffin_display_offset_dim=\dimen143
\l__coffin_display_x_dim=\dimen144
\l__coffin_display_y_dim=\dimen145
\g__file_internal_ior=\read1
\l__coffin_bounding_shift_dim=\dimen146
\l__coffin_left_corner_dim=\dimen147
\l__coffin_right_corner_dim=\dimen148
\l__coffin_bottom_corner_dim=\dimen149
\l__coffin_top_corner_dim=\dimen150
\l__coffin_scaled_total_height_dim=\dimen151
\l__coffin_scaled_width_dim=\dimen152
\l__seq_internal_a_int=\count192
\l__seq_internal_b_int=\count193
)
(c:/texlive/2018/texmf-dist/tex/latex/l3kernel/l3pdfmode.def
File: l3pdfmode.def 2019-02-15 v L3 Experimental driver: PDF mode
\l__driver_color_stack_int=\count194
))
(c:/texlive/2018/texmf-dist/tex/latex/l3packages/xparse/xparse.sty
Package: xparse 2018-10-17 L3 Experimental document command parser
\l__xparse_current_arg_int=\count195
\g__xparse_grabber_int=\count196
\l__xparse_m_args_int=\count197
\l__xparse_mandatory_args_int=\count198
\l__xparse_v_nesting_int=\count199
)
Package: siunitx 2018/05/17 v2.7s A comprehensive (SI) units package

(c:/texlive/2018/texmf-dist/tex/latex/tools/array.sty
Package: array 2018/12/30 v2.4k Tabular extension package (FMi)
\col@sep=\dimen153
\ar@mcellbox=\box50
\extrarowheight=\dimen154
\NC@list=\toks23
\extratabsurround=\skip53
\backup@length=\skip54
\ar@cellbox=\box51
)
(c:/texlive/2018/texmf-dist/tex/latex/l3packages/l3keys2e/l3keys2e.sty
Package: l3keys2e 2018-10-17 LaTeX2e option processing using LaTeX3 keys
)
\l__siunitx_tmp_box=\box52
\l__siunitx_tmp_dim=\dimen155
\l__siunitx_tmp_int=\count266
\l__siunitx_number_mantissa_length_int=\count267
\l__siunitx_number_uncert_length_int=\count268
\l__siunitx_round_int=\count269
\l__siunitx_process_decimal_int=\count270
\l__siunitx_process_uncertainty_int=\count271
\l__siunitx_process_fixed_int=\count272
\l__siunitx_process_integer_min_int=\count273
\l__siunitx_process_precision_int=\count274
\l__siunitx_group_min_int=\count275
\l__siunitx_angle_marker_box=\box53
\l__siunitx_angle_unit_box=\box54
\l__siunitx_angle_marker_dim=\dimen156
\l__siunitx_angle_unit_dim=\dimen157
\l__siunitx_unit_int=\count276
\l__siunitx_unit_denominator_int=\count277
\l__siunitx_unit_numerator_int=\count278
\l__siunitx_unit_prefix_int=\count279
\l__siunitx_unit_prefix_base_int=\count280
\l__siunitx_unit_prefix_gram_int=\count281
\l__siunitx_number_product_int=\count282
\c__siunitx_one_fill_skip=\skip55
\l__siunitx_table_unit_align_skip=\skip56
\l__siunitx_table_exponent_dim=\dimen158
\l__siunitx_table_integer_dim=\dimen159
\l__siunitx_table_mantissa_dim=\dimen160
\l__siunitx_table_marker_dim=\dimen161
\l__siunitx_table_result_dim=\dimen162
\l__siunitx_table_uncert_dim=\dimen163
\l__siunitx_table_fill_pre_dim=\dimen164
\l__siunitx_table_fill_post_dim=\dimen165
\l__siunitx_table_fill_mid_dim=\dimen166
\l__siunitx_table_pre_box=\box55
\l__siunitx_table_post_box=\box56
\l__siunitx_table_mantissa_box=\box57
\l__siunitx_table_result_box=\box58
\l__siunitx_table_number_align_skip=\skip57
\l__siunitx_table_text_align_skip=\skip58

(c:/texlive/2018/texmf-dist/tex/latex/translator/translator.sty
Package: translator 2018/01/04 v1.12 Easy translation of strings in LaTeX
))
(c:/texlive/2018/texmf-dist/tex/latex/tools/enumerate.sty
Package: enumerate 2015/07/23 v3.00 enumerate extensions (DPC)
\@enLab=\toks24
)
(c:/texlive/2018/texmf-dist/tex/latex/pdfpages/pdfpages.sty
Package: pdfpages 2017/10/31 v0.5l Insert pages of external PDF documents (AM)

(c:/texlive/2018/texmf-dist/tex/latex/base/ifthen.sty
Package: ifthen 2014/09/29 v1.1c Standard LaTeX ifthen package (DPC)
)
(c:/texlive/2018/texmf-dist/tex/latex/tools/calc.sty
Package: calc 2017/05/25 v4.3 Infix arithmetic (KKT,FJ)
\calc@Acount=\count283
\calc@Bcount=\count284
\calc@Adimen=\dimen167
\calc@Bdimen=\dimen168
\calc@Askip=\skip59
\calc@Bskip=\skip60
LaTeX Info: Redefining \setlength on input line 80.
LaTeX Info: Redefining \addtolength on input line 81.
\calc@Ccount=\count285
\calc@Cskip=\skip61
)
(c:/texlive/2018/texmf-dist/tex/latex/eso-pic/eso-pic.sty
Package: eso-pic 2018/04/12 v2.0h eso-pic (RN)

(c:/texlive/2018/texmf-dist/tex/generic/oberdiek/atbegshi.sty
Package: atbegshi 2016/06/09 v1.18 At begin shipout hook (HO)

(c:/texlive/2018/texmf-dist/tex/generic/oberdiek/infwarerr.sty
Package: infwarerr 2016/05/16 v1.4 Providing info/warning/error messages (HO)
)
(c:/texlive/2018/texmf-dist/tex/generic/oberdiek/ltxcmds.sty
Package: ltxcmds 2016/05/16 v1.23 LaTeX kernel commands for general use (HO)
)
(c:/texlive/2018/texmf-dist/tex/generic/oberdiek/ifpdf.sty
Package: ifpdf 2018/09/07 v3.3 Provides the ifpdf switch
)))
\AM@pagewidth=\dimen169
\AM@pageheight=\dimen170

(c:/texlive/2018/texmf-dist/tex/latex/pdfpages/pppdftex.def
File: pppdftex.def 2017/10/31 v0.5l Pdfpages driver for pdfTeX (AM)
)
\AM@pagebox=\box59
\AM@global@opts=\toks25
\AM@toc@title=\toks26
\c@AM@survey=\count286
\AM@templatesizebox=\box60
)
(c:/texlive/2018/texmf-dist/tex/latex/hyperref/hyperref.sty
Package: hyperref 2018/11/30 v6.88e Hypertext links for LaTeX

(c:/texlive/2018/texmf-dist/tex/generic/oberdiek/hobsub-hyperref.sty
Package: hobsub-hyperref 2016/05/16 v1.14 Bundle oberdiek, subset hyperref (HO)


(c:/texlive/2018/texmf-dist/tex/generic/oberdiek/hobsub-generic.sty
Package: hobsub-generic 2016/05/16 v1.14 Bundle oberdiek, subset generic (HO)
Package: hobsub 2016/05/16 v1.14 Construct package bundles (HO)
Package hobsub Info: Skipping package `infwarerr' (already loaded).
Package hobsub Info: Skipping package `ltxcmds' (already loaded).
Package: ifluatex 2016/05/16 v1.4 Provides the ifluatex switch (HO)
Package ifluatex Info: LuaTeX not detected.
Package: ifvtex 2016/05/16 v1.6 Detect VTeX and its facilities (HO)
Package ifvtex Info: VTeX not detected.
Package: intcalc 2016/05/16 v1.2 Expandable calculations with integers (HO)
Package hobsub Info: Skipping package `ifpdf' (already loaded).
Package: etexcmds 2016/05/16 v1.6 Avoid name clashes with e-TeX commands (HO)
Package etexcmds Info: Could not find \expanded.
(etexcmds)             That can mean that you are not using pdfTeX 1.50 or
(etexcmds)             that some package has redefined \expanded.
(etexcmds)             In the latter case, load this package earlier.
Package: kvsetkeys 2016/05/16 v1.17 Key value parser (HO)
Package: kvdefinekeys 2016/05/16 v1.4 Define keys (HO)
Package: pdftexcmds 2018/09/10 v0.29 Utility functions of pdfTeX for LuaTeX (HO
)
Package pdftexcmds Info: LuaTeX not detected.
Package pdftexcmds Info: \pdf@primitive is available.
Package pdftexcmds Info: \pdf@ifprimitive is available.
Package pdftexcmds Info: \pdfdraftmode found.
Package: pdfescape 2016/05/16 v1.14 Implements pdfTeX's escape features (HO)
Package: bigintcalc 2016/05/16 v1.4 Expandable calculations on big integers (HO
)
Package: bitset 2016/05/16 v1.2 Handle bit-vector datatype (HO)
Package: uniquecounter 2016/05/16 v1.3 Provide unlimited unique counter (HO)
)
Package hobsub Info: Skipping package `hobsub' (already loaded).
Package: letltxmacro 2016/05/16 v1.5 Let assignment for LaTeX macros (HO)
Package: hopatch 2016/05/16 v1.3 Wrapper for package hooks (HO)
Package: xcolor-patch 2016/05/16 xcolor patch
Package: atveryend 2016/05/16 v1.9 Hooks at the very end of document (HO)
Package atveryend Info: \enddocument detected (standard20110627).
Package hobsub Info: Skipping package `atbegshi' (already loaded).
Package: refcount 2016/05/16 v3.5 Data extraction from label references (HO)
Package: hycolor 2016/05/16 v1.8 Color options for hyperref/bookmark (HO)
)
(c:/texlive/2018/texmf-dist/tex/generic/ifxetex/ifxetex.sty
Package: ifxetex 2010/09/12 v0.6 Provides ifxetex conditional
)
(c:/texlive/2018/texmf-dist/tex/latex/oberdiek/auxhook.sty
Package: auxhook 2016/05/16 v1.4 Hooks for auxiliary files (HO)
)
(c:/texlive/2018/texmf-dist/tex/latex/oberdiek/kvoptions.sty
Package: kvoptions 2016/05/16 v3.12 Key value format for package options (HO)
)
\@linkdim=\dimen171
\Hy@linkcounter=\count287
\Hy@pagecounter=\count288

(c:/texlive/2018/texmf-dist/tex/latex/hyperref/pd1enc.def
File: pd1enc.def 2018/11/30 v6.88e Hyperref: PDFDocEncoding definition (HO)
Now handling font encoding PD1 ...
... no UTF-8 mapping file for font encoding PD1
)
\Hy@SavedSpaceFactor=\count289

(c:/texlive/2018/texmf-dist/tex/latex/latexconfig/hyperref.cfg
File: hyperref.cfg 2002/06/06 v1.2 hyperref configuration of TeXLive
)
Package hyperref Info: Hyper figures OFF on input line 4519.
Package hyperref Info: Link nesting OFF on input line 4524.
Package hyperref Info: Hyper index ON on input line 4527.
Package hyperref Info: Plain pages OFF on input line 4534.
Package hyperref Info: Backreferencing OFF on input line 4539.
Package hyperref Info: Implicit mode ON; LaTeX internals redefined.
Package hyperref Info: Bookmarks ON on input line 4772.
\c@Hy@tempcnt=\count290

(c:/texlive/2018/texmf-dist/tex/latex/url/url.sty
\Urlmuskip=\muskip17
Package: url 2013/09/16  ver 3.4  Verb mode for urls, etc.
)
LaTeX Info: Redefining \url on input line 5125.
\XeTeXLinkMargin=\dimen172
\Fld@menulength=\count291
\Field@Width=\dimen173
\Fld@charsize=\dimen174
Package hyperref Info: Hyper figures OFF on input line 6380.
Package hyperref Info: Link nesting OFF on input line 6385.
Package hyperref Info: Hyper index ON on input line 6388.
Package hyperref Info: backreferencing OFF on input line 6395.
Package hyperref Info: Link coloring OFF on input line 6400.
Package hyperref Info: Link coloring with OCG OFF on input line 6405.
Package hyperref Info: PDF/A mode OFF on input line 6410.
LaTeX Info: Redefining \ref on input line 6450.
LaTeX Info: Redefining \pageref on input line 6454.
\Hy@abspage=\count292
\c@Item=\count293
\c@Hfootnote=\count294
)
Package hyperref Info: Driver (autodetected): hpdftex.

(c:/texlive/2018/texmf-dist/tex/latex/hyperref/hpdftex.def
File: hpdftex.def 2018/11/30 v6.88e Hyperref driver for pdfTeX
\Fld@listcount=\count295
\c@bookmark@seq@number=\count296

(c:/texlive/2018/texmf-dist/tex/latex/oberdiek/rerunfilecheck.sty
Package: rerunfilecheck 2016/05/16 v1.8 Rerun checks for auxiliary files (HO)
Package uniquecounter Info: New unique counter `rerunfilecheck' on input line 2
82.
)
\Hy@SectionHShift=\skip62
)
Package hyperref Info: Option `colorlinks' set `true' on input line 13.

(c:/texlive/2018/texmf-dist/tex/latex/datatool/datatool.sty
Package: datatool 2018/12/07 v2.31 (NLCT)

(c:/texlive/2018/texmf-dist/tex/latex/xkeyval/xkeyval.sty
Package: xkeyval 2014/12/03 v2.7a package option processing (HA)

(c:/texlive/2018/texmf-dist/tex/generic/xkeyval/xkeyval.tex
(c:/texlive/2018/texmf-dist/tex/generic/xkeyval/xkvutils.tex
\XKV@toks=\toks27
\XKV@tempa@toks=\toks28
)
\XKV@depth=\count297
File: xkeyval.tex 2014/12/03 v2.7a key=value parser (HA)
))
(c:/texlive/2018/texmf-dist/tex/latex/xfor/xfor.sty
Package: xfor 2009/02/05 v1.05 (NLCT)
)
(c:/texlive/2018/texmf-dist/tex/latex/substr/substr.sty
Package: substr 2009/10/20 v1.2 Handle substrings
\c@su@anzahl=\count298
)
(c:/texlive/2018/texmf-dist/tex/latex/etoolbox/etoolbox.sty
Package: etoolbox 2018/08/19 v2.5f e-TeX tools for LaTeX (JAW)
\etb@tempcnta=\count299
)
(c:/texlive/2018/texmf-dist/tex/latex/datatool/datatool-base.sty
Package: datatool-base 2018/12/07 v2.31 (NLCT)

(c:/texlive/2018/texmf-dist/tex/latex/datatool/datatool-fp.sty
Package: datatool-fp 2018/12/07 v2.31 (NLCT)

(c:/texlive/2018/texmf-dist/tex/latex/fp/fp.sty
Package: fp 1995/04/02

`Fixed Point Package', Version 0.8, April 2, 1995 (C) Michael Mehlich
(c:/texlive/2018/texmf-dist/tex/latex/fp/defpattern.sty
Package: defpattern 1994/10/12
\actioncount=\count300
)
(c:/texlive/2018/texmf-dist/tex/latex/fp/fp-basic.sty
Package: fp-basic 1996/05/13
\FP@xs=\count301
\FP@xia=\count302
\FP@xib=\count303
\FP@xfa=\count304
\FP@xfb=\count305
\FP@rega=\count306
\FP@regb=\count307
\FP@regs=\count308
\FP@times=\count309
)
(c:/texlive/2018/texmf-dist/tex/latex/fp/fp-addons.sty
Package: fp-addons 1995/03/15
)
(c:/texlive/2018/texmf-dist/tex/latex/fp/fp-snap.sty
Package: fp-snap 1995/04/05
)
(c:/texlive/2018/texmf-dist/tex/latex/fp/fp-exp.sty
Package: fp-exp 1995/04/03
)
(c:/texlive/2018/texmf-dist/tex/latex/fp/fp-trigo.sty
Package: fp-trigo 1995/04/14
)
(c:/texlive/2018/texmf-dist/tex/latex/fp/fp-pas.sty
Package: fp-pas 1994/08/29
)
(c:/texlive/2018/texmf-dist/tex/latex/fp/fp-random.sty
Package: fp-random 1995/02/23
\FPseed=\count310
)
(c:/texlive/2018/texmf-dist/tex/latex/fp/fp-eqn.sty
Package: fp-eqn 1995/04/03
)
(c:/texlive/2018/texmf-dist/tex/latex/fp/fp-upn.sty
Package: fp-upn 1996/10/21
)
(c:/texlive/2018/texmf-dist/tex/latex/fp/fp-eval.sty
Package: fp-eval 1995/04/03
)))
\@dtl@toks=\toks29
\@dtl@tmpcount=\count311
\dtl@tmplength=\skip63
\dtl@sortresult=\count312
\@dtl@numgrpsepcount=\count313
\@dtl@datatype=\count314
\dtl@codeA=\count315
\dtl@codeB=\count316
\@dtl@foreach@level=\count317
)
\dtlcolumnnum=\count318
\dtlrownum=\count319
\@dtl@before=\toks30
\@dtl@after=\toks31
\@dtl@colhead=\toks32
\dtlcurrentrow=\toks33
\dtlbeforerow=\toks34
\dtlafterrow=\toks35
\dtlforeachlevel=\count320
\c@DTLrowi=\count321
\c@DTLrowii=\count322
\c@DTLrowiii=\count323
\c@DTLrow=\count324
\dtl@rowi=\count325
\dtl@rowii=\count326
\dtl@rowiii=\count327
\@dtl@curi=\toks36
\@dtl@previ=\toks37
\@dtl@nexti=\toks38
\@dtl@curii=\toks39
\@dtl@previi=\toks40
\@dtl@nextii=\toks41
\@dtl@curiii=\toks42
\@dtl@previii=\toks43
\@dtl@nextiii=\toks44
\@dtl@elements=\count328
\@dtl@list=\toks45
\@dtl@rowa=\toks46
\@dtl@rowb=\toks47
\@dtl@toksA=\toks48
\@dtl@toksB=\toks49
\@dtl@write=\write3
\@dtl@read=\read2
\dtl@entrycr=\count329
\dtl@omitlines=\count330
)
(./arduinoLanguage.tex
(c:/texlive/2018/texmf-dist/tex/latex/listings/listings.sty
\lst@mode=\count331
\lst@gtempboxa=\box61
\lst@token=\toks50
\lst@length=\count332
\lst@currlwidth=\dimen175
\lst@column=\count333
\lst@pos=\count334
\lst@lostspace=\dimen176
\lst@width=\dimen177
\lst@newlines=\count335
\lst@lineno=\count336
\lst@maxwidth=\dimen178

(c:/texlive/2018/texmf-dist/tex/latex/listings/lstmisc.sty
File: lstmisc.sty 2018/09/02 1.7 (Carsten Heinz)
\c@lstnumber=\count337
\lst@skipnumbers=\count338
\lst@framebox=\box62
)
(c:/texlive/2018/texmf-dist/tex/latex/listings/listings.cfg
File: listings.cfg 2018/09/02 1.7 listings configuration
))
Package: listings 2018/09/02 1.7 (Carsten Heinz)

(c:/texlive/2018/texmf-dist/tex/latex/psnfss/courier.sty
Package: courier 2005/04/12 PSNFSS-v9.2a (WaS) 
))
(./Manual_MagFieldContraption_1V0.aux)
\openout1 = `Manual_MagFieldContraption_1V0.aux'.

LaTeX Font Info:    Checking defaults for OML/cmm/m/it on input line 53.
LaTeX Font Info:    ... okay on input line 53.
LaTeX Font Info:    Checking defaults for T1/cmr/m/n on input line 53.
LaTeX Font Info:    ... okay on input line 53.
LaTeX Font Info:    Checking defaults for OT1/cmr/m/n on input line 53.
LaTeX Font Info:    ... okay on input line 53.
LaTeX Font Info:    Checking defaults for OMS/cmsy/m/n on input line 53.
LaTeX Font Info:    ... okay on input line 53.
LaTeX Font Info:    Checking defaults for OMX/cmex/m/n on input line 53.
LaTeX Font Info:    ... okay on input line 53.
LaTeX Font Info:    Checking defaults for U/cmr/m/n on input line 53.
LaTeX Font Info:    ... okay on input line 53.
LaTeX Font Info:    Checking defaults for PD1/pdf/m/n on input line 53.
LaTeX Font Info:    ... okay on input line 53.

(c:/texlive/2018/texmf-dist/tex/context/base/mkii/supp-pdf.mkii
[Loading MPS to PDF converter (version 2006.09.02).]
\scratchcounter=\count339
\scratchdimen=\dimen179
\scratchbox=\box63
\nofMPsegments=\count340
\nofMParguments=\count341
\everyMPshowfont=\toks51
\MPscratchCnt=\count342
\MPscratchDim=\dimen180
\MPnumerator=\count343
\makeMPintoPDFobject=\count344
\everyMPtoPDFconversion=\toks52
) (c:/texlive/2018/texmf-dist/tex/latex/oberdiek/epstopdf-base.sty
Package: epstopdf-base 2016/05/15 v2.6 Base part for package epstopdf

(c:/texlive/2018/texmf-dist/tex/latex/oberdiek/grfext.sty
Package: grfext 2016/05/16 v1.2 Manage graphics extensions (HO)
)
Package epstopdf-base Info: Redefining graphics rule for `.eps' on input line 4
38.
Package grfext Info: Graphics extension search list:
(grfext)             [.pdf,.png,.jpg,.mps,.jpeg,.jbig2,.jb2,.PDF,.PNG,.JPG,.JPE
G,.JBIG2,.JB2,.eps]
(grfext)             \AppendGraphicsExtensions on input line 456.

(c:/texlive/2018/texmf-dist/tex/latex/latexconfig/epstopdf-sys.cfg
File: epstopdf-sys.cfg 2010/07/13 v1.3 Configuration of (r)epstopdf for TeX Liv
e
))
Now handling font encoding TS1 ...
... processing UTF-8 mapping file for font encoding TS1

(c:/texlive/2018/texmf-dist/tex/latex/base/ts1enc.dfu
File: ts1enc.dfu 2018/10/05 v1.2f UTF-8 support for inputenc
   defining Unicode char U+00A2 (decimal 162)
   defining Unicode char U+00A3 (decimal 163)
   defining Unicode char U+00A4 (decimal 164)
   defining Unicode char U+00A5 (decimal 165)
   defining Unicode char U+00A6 (decimal 166)
   defining Unicode char U+00A7 (decimal 167)
   defining Unicode char U+00A8 (decimal 168)
   defining Unicode char U+00A9 (decimal 169)
   defining Unicode char U+00AA (decimal 170)
   defining Unicode char U+00AC (decimal 172)
   defining Unicode char U+00AE (decimal 174)
   defining Unicode char U+00AF (decimal 175)
   defining Unicode char U+00B0 (decimal 176)
   defining Unicode char U+00B1 (decimal 177)
   defining Unicode char U+00B2 (decimal 178)
   defining Unicode char U+00B3 (decimal 179)
   defining Unicode char U+00B4 (decimal 180)
   defining Unicode char U+00B5 (decimal 181)
   defining Unicode char U+00B6 (decimal 182)
   defining Unicode char U+00B7 (decimal 183)
   defining Unicode char U+00B9 (decimal 185)
   defining Unicode char U+00BA (decimal 186)
   defining Unicode char U+00BC (decimal 188)
   defining Unicode char U+00BD (decimal 189)
   defining Unicode char U+00BE (decimal 190)
   defining Unicode char U+00D7 (decimal 215)
   defining Unicode char U+00F7 (decimal 247)
   defining Unicode char U+0192 (decimal 402)
   defining Unicode char U+02C7 (decimal 711)
   defining Unicode char U+02D8 (decimal 728)
   defining Unicode char U+02DD (decimal 733)
   defining Unicode char U+0E3F (decimal 3647)
   defining Unicode char U+2016 (decimal 8214)
   defining Unicode char U+2020 (decimal 8224)
   defining Unicode char U+2021 (decimal 8225)
   defining Unicode char U+2022 (decimal 8226)
   defining Unicode char U+2030 (decimal 8240)
   defining Unicode char U+2031 (decimal 8241)
   defining Unicode char U+203B (decimal 8251)
   defining Unicode char U+203D (decimal 8253)
   defining Unicode char U+2044 (decimal 8260)
   defining Unicode char U+204E (decimal 8270)
   defining Unicode char U+2052 (decimal 8274)
   defining Unicode char U+20A1 (decimal 8353)
   defining Unicode char U+20A4 (decimal 8356)
   defining Unicode char U+20A6 (decimal 8358)
   defining Unicode char U+20A9 (decimal 8361)
   defining Unicode char U+20AB (decimal 8363)
   defining Unicode char U+20AC (decimal 8364)
   defining Unicode char U+20B1 (decimal 8369)
   defining Unicode char U+2103 (decimal 8451)
   defining Unicode char U+2116 (decimal 8470)
   defining Unicode char U+2117 (decimal 8471)
   defining Unicode char U+211E (decimal 8478)
   defining Unicode char U+2120 (decimal 8480)
   defining Unicode char U+2122 (decimal 8482)
   defining Unicode char U+2126 (decimal 8486)
   defining Unicode char U+2127 (decimal 8487)
   defining Unicode char U+212E (decimal 8494)
   defining Unicode char U+2190 (decimal 8592)
   defining Unicode char U+2191 (decimal 8593)
   defining Unicode char U+2192 (decimal 8594)
   defining Unicode char U+2193 (decimal 8595)
   defining Unicode char U+2329 (decimal 9001)
   defining Unicode char U+232A (decimal 9002)
   defining Unicode char U+2422 (decimal 9250)
   defining Unicode char U+25E6 (decimal 9702)
   defining Unicode char U+25EF (decimal 9711)
   defining Unicode char U+266A (decimal 9834)
   defining Unicode char U+FEFF (decimal 65279)
)
(c:/texlive/2018/texmf-dist/tex/latex/translator/translator-basic-dictionary-En
glish.dict
Dictionary: translator-basic-dictionary, Language: English 
)
(c:/texlive/2018/texmf-dist/tex/latex/siunitx/siunitx-abbreviations.cfg
File: siunitx-abbreviations.cfg 2017/11/26 v2.7k siunitx: Abbreviated units
)
(c:/texlive/2018/texmf-dist/tex/latex/siunitx/siunitx-binary.cfg
File: siunitx-binary.cfg 2017/11/26 v2.7k siunitx: Binary units
)
\AtBeginShipoutBox=\box64

(c:/texlive/2018/texmf-dist/tex/latex/oberdiek/pdflscape.sty
Package: pdflscape 2016/05/14 v0.11 Display of landscape pages in PDF (HO)

(c:/texlive/2018/texmf-dist/tex/latex/graphics/lscape.sty
Package: lscape 2000/10/22 v3.01 Landscape Pages (DPC)
)
Package pdflscape Info: Auto-detected driver: pdftex on input line 81.
)
Package hyperref Info: Link coloring ON on input line 53.

(c:/texlive/2018/texmf-dist/tex/latex/hyperref/nameref.sty
Package: nameref 2016/05/21 v2.44 Cross-referencing by name of section

(c:/texlive/2018/texmf-dist/tex/generic/oberdiek/gettitlestring.sty
Package: gettitlestring 2016/05/16 v1.5 Cleanup title references (HO)
)
\c@section@level=\count345
)
LaTeX Info: Redefining \ref on input line 53.
LaTeX Info: Redefining \pageref on input line 53.
LaTeX Info: Redefining \nameref on input line 53.

(./Manual_MagFieldContraption_1V0.out) (./Manual_MagFieldContraption_1V0.out)
\@outlinefile=\write4
\openout4 = `Manual_MagFieldContraption_1V0.out'.

\c@lstlisting=\count346

[1

{c:/texlive/2018/texmf-var/fonts/map/pdftex/updmap/pdftex.map}]
(./Manual_MagFieldContraption_1V0.toc)
\tf@toc=\write5
\openout5 = `Manual_MagFieldContraption_1V0.toc'.

pdfTeX warning (ext4): destination with the same identifier (name{page.1}) has 
been already used, duplicate ignored
<to be read again> 
                   \relax 
l.59 \chapter
             {Introduction} [1

]
Chapter 1.
[2

]

pdfTeX warning: pdflatex.exe (file ./SchematicOverviewMagFieldGizmo_Lvl1_V2.pdf
): PDF inclusion: found PDF version <1.7>, but at most version <1.5> allowed
<SchematicOverviewMagFieldGizmo_Lvl1_V2.pdf, id=112, 963.6pt x 542.025pt>
File: SchematicOverviewMagFieldGizmo_Lvl1_V2.pdf Graphic file (type pdf)
<use SchematicOverviewMagFieldGizmo_Lvl1_V2.pdf>
Package pdftex.def Info: SchematicOverviewMagFieldGizmo_Lvl1_V2.pdf  used on in
put line 74.
(pdftex.def)             Requested size: 446.2658pt x 251.02173pt.
[3 <./SchematicOverviewMagFieldGizmo_Lvl1_V2.pdf>]

pdfTeX warning: pdflatex.exe (file ./SchematicOverviewMagFieldGizmo_Lvl2_V2.pdf
): PDF inclusion: found PDF version <1.7>, but at most version <1.5> allowed
<SchematicOverviewMagFieldGizmo_Lvl2_V2.pdf, id=160, 963.6pt x 542.025pt>
File: SchematicOverviewMagFieldGizmo_Lvl2_V2.pdf Graphic file (type pdf)
<use SchematicOverviewMagFieldGizmo_Lvl2_V2.pdf>
Package pdftex.def Info: SchematicOverviewMagFieldGizmo_Lvl2_V2.pdf  used on in
put line 89.
(pdftex.def)             Requested size: 446.2658pt x 251.02173pt.
[4 <./SchematicOverviewMagFieldGizmo_Lvl2_V2.pdf>]

pdfTeX warning: pdflatex.exe (file ./SchematicOverviewMagFieldGizmo_Lvl3_V2.pdf
): PDF inclusion: found PDF version <1.7>, but at most version <1.5> allowed
<SchematicOverviewMagFieldGizmo_Lvl3_V2.pdf, id=211, 963.6pt x 542.025pt>
File: SchematicOverviewMagFieldGizmo_Lvl3_V2.pdf Graphic file (type pdf)
<use SchematicOverviewMagFieldGizmo_Lvl3_V2.pdf>
Package pdftex.def Info: SchematicOverviewMagFieldGizmo_Lvl3_V2.pdf  used on in
put line 103.
(pdftex.def)             Requested size: 446.2658pt x 251.02173pt.
[5 <./SchematicOverviewMagFieldGizmo_Lvl3_V2.pdf>]
Chapter 2.


pdfTeX warning: pdflatex.exe (file ./Schematics_LTspiceSimAFE_2V1.pdf): PDF inc
lusion: found PDF version <1.7>, but at most version <1.5> allowed
<Schematics_LTspiceSimAFE_2V1.pdf, id=354, 845.07724pt x 597.55246pt>
File: Schematics_LTspiceSimAFE_2V1.pdf Graphic file (type pdf)
<use Schematics_LTspiceSimAFE_2V1.pdf>
Package pdftex.def Info: Schematics_LTspiceSimAFE_2V1.pdf  used on input line 1
21.
(pdftex.def)             Requested size: 845.07518pt x 597.551pt.


pdfTeX warning: pdflatex.exe (file ./Schematics_LTspiceSimAFE_2V1.pdf): PDF inc
lusion: found PDF version <1.7>, but at most version <1.5> allowed
File: Schematics_LTspiceSimAFE_2V1.pdf Graphic file (type pdf)
<use Schematics_LTspiceSimAFE_2V1.pdf>
Package pdftex.def Info: Schematics_LTspiceSimAFE_2V1.pdf  used on input line 1
21.
(pdftex.def)             Requested size: 845.07518pt x 597.551pt.


pdfTeX warning: pdflatex.exe (file ./Schematics_LTspiceSimAFE_2V1.pdf): PDF inc
lusion: found PDF version <1.7>, but at most version <1.5> allowed


pdfTeX warning: pdflatex.exe (file ./Schematics_LTspiceSimAFE_2V1.pdf): PDF inc
lusion: found PDF version <1.7>, but at most version <1.5> allowed
<Schematics_LTspiceSimAFE_2V1.pdf, id=357, page=1, 845.07724pt x 597.55246pt>
File: Schematics_LTspiceSimAFE_2V1.pdf Graphic file (type pdf)
<use Schematics_LTspiceSimAFE_2V1.pdf, page 1>
Package pdftex.def Info: Schematics_LTspiceSimAFE_2V1.pdf , page1 used on input
 line 121.
(pdftex.def)             Requested size: 845.07518pt x 597.551pt.
File: Schematics_LTspiceSimAFE_2V1.pdf Graphic file (type pdf)
<use Schematics_LTspiceSimAFE_2V1.pdf, page 1>
Package pdftex.def Info: Schematics_LTspiceSimAFE_2V1.pdf , page1 used on input
 line 121.
(pdftex.def)             Requested size: 845.07518pt x 597.551pt.
[6

]
File: Schematics_LTspiceSimAFE_2V1.pdf Graphic file (type pdf)
<use Schematics_LTspiceSimAFE_2V1.pdf, page 1>
Package pdftex.def Info: Schematics_LTspiceSimAFE_2V1.pdf , page1 used on input
 line 121.
(pdftex.def)             Requested size: 845.07518pt x 597.551pt.
File: Schematics_LTspiceSimAFE_2V1.pdf Graphic file (type pdf)
<use Schematics_LTspiceSimAFE_2V1.pdf, page 1>
Package pdftex.def Info: Schematics_LTspiceSimAFE_2V1.pdf , page1 used on input
 line 121.
(pdftex.def)             Requested size: 845.07518pt x 597.551pt.
File: Schematics_LTspiceSimAFE_2V1.pdf Graphic file (type pdf)
<use Schematics_LTspiceSimAFE_2V1.pdf, page 1>
Package pdftex.def Info: Schematics_LTspiceSimAFE_2V1.pdf , page1 used on input
 line 121.
(pdftex.def)             Requested size: 845.07518pt x 597.551pt.
 [7 <./Schematics_LTspiceSimAFE_2V1.pdf>]

pdfTeX warning: pdflatex.exe (file ./BodePlot_LTspiceSimAFE_2V1.pdf): PDF inclu
sion: found PDF version <1.7>, but at most version <1.5> allowed
<BodePlot_LTspiceSimAFE_2V1.pdf, id=389, 845.07724pt x 597.55246pt>
File: BodePlot_LTspiceSimAFE_2V1.pdf Graphic file (type pdf)
<use BodePlot_LTspiceSimAFE_2V1.pdf>
Package pdftex.def Info: BodePlot_LTspiceSimAFE_2V1.pdf  used on input line 122
.
(pdftex.def)             Requested size: 845.07518pt x 597.551pt.


pdfTeX warning: pdflatex.exe (file ./BodePlot_LTspiceSimAFE_2V1.pdf): PDF inclu
sion: found PDF version <1.7>, but at most version <1.5> allowed
File: BodePlot_LTspiceSimAFE_2V1.pdf Graphic file (type pdf)
<use BodePlot_LTspiceSimAFE_2V1.pdf>
Package pdftex.def Info: BodePlot_LTspiceSimAFE_2V1.pdf  used on input line 122
.
(pdftex.def)             Requested size: 845.07518pt x 597.551pt.


pdfTeX warning: pdflatex.exe (file ./BodePlot_LTspiceSimAFE_2V1.pdf): PDF inclu
sion: found PDF version <1.7>, but at most version <1.5> allowed


pdfTeX warning: pdflatex.exe (file ./BodePlot_LTspiceSimAFE_2V1.pdf): PDF inclu
sion: found PDF version <1.7>, but at most version <1.5> allowed
<BodePlot_LTspiceSimAFE_2V1.pdf, id=392, page=1, 845.07724pt x 597.55246pt>
File: BodePlot_LTspiceSimAFE_2V1.pdf Graphic file (type pdf)
<use BodePlot_LTspiceSimAFE_2V1.pdf, page 1>
Package pdftex.def Info: BodePlot_LTspiceSimAFE_2V1.pdf , page1 used on input l
ine 122.
(pdftex.def)             Requested size: 845.07518pt x 597.551pt.
File: BodePlot_LTspiceSimAFE_2V1.pdf Graphic file (type pdf)
<use BodePlot_LTspiceSimAFE_2V1.pdf, page 1>
Package pdftex.def Info: BodePlot_LTspiceSimAFE_2V1.pdf , page1 used on input l
ine 122.
(pdftex.def)             Requested size: 845.07518pt x 597.551pt.
File: BodePlot_LTspiceSimAFE_2V1.pdf Graphic file (type pdf)
<use BodePlot_LTspiceSimAFE_2V1.pdf, page 1>
Package pdftex.def Info: BodePlot_LTspiceSimAFE_2V1.pdf , page1 used on input l
ine 122.
(pdftex.def)             Requested size: 845.07518pt x 597.551pt.
File: BodePlot_LTspiceSimAFE_2V1.pdf Graphic file (type pdf)
<use BodePlot_LTspiceSimAFE_2V1.pdf, page 1>
Package pdftex.def Info: BodePlot_LTspiceSimAFE_2V1.pdf , page1 used on input l
ine 122.
(pdftex.def)             Requested size: 845.07518pt x 597.551pt.
File: BodePlot_LTspiceSimAFE_2V1.pdf Graphic file (type pdf)
<use BodePlot_LTspiceSimAFE_2V1.pdf, page 1>
Package pdftex.def Info: BodePlot_LTspiceSimAFE_2V1.pdf , page1 used on input l
ine 122.
(pdftex.def)             Requested size: 845.07518pt x 597.551pt.
[8 <./BodePlot_LTspiceSimAFE_2V1.pdf>]

pdfTeX warning: pdflatex.exe (file ./AFE_4CH_2V3_schematics.pdf): PDF inclusion
: found PDF version <1.7>, but at most version <1.5> allowed
<AFE_4CH_2V3_schematics.pdf, id=407, 845.07724pt x 597.55246pt>
File: AFE_4CH_2V3_schematics.pdf Graphic file (type pdf)
<use AFE_4CH_2V3_schematics.pdf>
Package pdftex.def Info: AFE_4CH_2V3_schematics.pdf  used on input line 132.
(pdftex.def)             Requested size: 845.07518pt x 597.551pt.


pdfTeX warning: pdflatex.exe (file ./AFE_4CH_2V3_schematics.pdf): PDF inclusion
: found PDF version <1.7>, but at most version <1.5> allowed
File: AFE_4CH_2V3_schematics.pdf Graphic file (type pdf)
<use AFE_4CH_2V3_schematics.pdf>
Package pdftex.def Info: AFE_4CH_2V3_schematics.pdf  used on input line 132.
(pdftex.def)             Requested size: 845.07518pt x 597.551pt.


pdfTeX warning: pdflatex.exe (file ./AFE_4CH_2V3_schematics.pdf): PDF inclusion
: found PDF version <1.7>, but at most version <1.5> allowed


pdfTeX warning: pdflatex.exe (file ./AFE_4CH_2V3_schematics.pdf): PDF inclusion
: found PDF version <1.7>, but at most version <1.5> allowed
<AFE_4CH_2V3_schematics.pdf, id=410, page=1, 845.07724pt x 597.55246pt>
File: AFE_4CH_2V3_schematics.pdf Graphic file (type pdf)
<use AFE_4CH_2V3_schematics.pdf, page 1>
Package pdftex.def Info: AFE_4CH_2V3_schematics.pdf , page1 used on input line 
132.
(pdftex.def)             Requested size: 845.07518pt x 597.551pt.
File: AFE_4CH_2V3_schematics.pdf Graphic file (type pdf)
<use AFE_4CH_2V3_schematics.pdf, page 1>
Package pdftex.def Info: AFE_4CH_2V3_schematics.pdf , page1 used on input line 
132.
(pdftex.def)             Requested size: 845.07518pt x 597.551pt.
[9]
File: AFE_4CH_2V3_schematics.pdf Graphic file (type pdf)
<use AFE_4CH_2V3_schematics.pdf, page 1>
Package pdftex.def Info: AFE_4CH_2V3_schematics.pdf , page1 used on input line 
132.
(pdftex.def)             Requested size: 845.07518pt x 597.551pt.
File: AFE_4CH_2V3_schematics.pdf Graphic file (type pdf)
<use AFE_4CH_2V3_schematics.pdf, page 1>
Package pdftex.def Info: AFE_4CH_2V3_schematics.pdf , page1 used on input line 
132.
(pdftex.def)             Requested size: 845.07518pt x 597.551pt.
File: AFE_4CH_2V3_schematics.pdf Graphic file (type pdf)
<use AFE_4CH_2V3_schematics.pdf, page 1>
Package pdftex.def Info: AFE_4CH_2V3_schematics.pdf , page1 used on input line 
132.
(pdftex.def)             Requested size: 845.07518pt x 597.551pt.
 [10 <./AFE_4CH_2V3_schematics.pdf>]

pdfTeX warning: pdflatex.exe (file ./AFE_4CH_2V3_schematics.pdf): PDF inclusion
: found PDF version <1.7>, but at most version <1.5> allowed
<AFE_4CH_2V3_schematics.pdf, id=420, page=2, 845.07724pt x 597.55246pt>
File: AFE_4CH_2V3_schematics.pdf Graphic file (type pdf)
<use AFE_4CH_2V3_schematics.pdf, page 2>
Package pdftex.def Info: AFE_4CH_2V3_schematics.pdf , page2 used on input line 
132.
(pdftex.def)             Requested size: 845.07518pt x 597.551pt.
File: AFE_4CH_2V3_schematics.pdf Graphic file (type pdf)
<use AFE_4CH_2V3_schematics.pdf, page 2>
Package pdftex.def Info: AFE_4CH_2V3_schematics.pdf , page2 used on input line 
132.
(pdftex.def)             Requested size: 845.07518pt x 597.551pt.
File: AFE_4CH_2V3_schematics.pdf Graphic file (type pdf)
<use AFE_4CH_2V3_schematics.pdf, page 2>
Package pdftex.def Info: AFE_4CH_2V3_schematics.pdf , page2 used on input line 
132.
(pdftex.def)             Requested size: 845.07518pt x 597.551pt.
[11 <./AFE_4CH_2V3_schematics.pdf>]

pdfTeX warning: pdflatex.exe (file ./AFE_4CH_2V3_schematics.pdf): PDF inclusion
: found PDF version <1.7>, but at most version <1.5> allowed
<AFE_4CH_2V3_schematics.pdf, id=425, page=3, 845.07724pt x 597.55246pt>
File: AFE_4CH_2V3_schematics.pdf Graphic file (type pdf)
<use AFE_4CH_2V3_schematics.pdf, page 3>
Package pdftex.def Info: AFE_4CH_2V3_schematics.pdf , page3 used on input line 
132.
(pdftex.def)             Requested size: 845.07518pt x 597.551pt.
File: AFE_4CH_2V3_schematics.pdf Graphic file (type pdf)
<use AFE_4CH_2V3_schematics.pdf, page 3>
Package pdftex.def Info: AFE_4CH_2V3_schematics.pdf , page3 used on input line 
132.
(pdftex.def)             Requested size: 845.07518pt x 597.551pt.
File: AFE_4CH_2V3_schematics.pdf Graphic file (type pdf)
<use AFE_4CH_2V3_schematics.pdf, page 3>
Package pdftex.def Info: AFE_4CH_2V3_schematics.pdf , page3 used on input line 
132.
(pdftex.def)             Requested size: 845.07518pt x 597.551pt.
[12 <./AFE_4CH_2V3_schematics.pdf>]

pdfTeX warning: pdflatex.exe (file ./AutocalibrationSwitch-MagFieldStab_1V2_sch
ematic.pdf): PDF inclusion: found PDF version <1.7>, but at most version <1.5> 
allowed
<AutocalibrationSwitch-MagFieldStab_1V2_schematic.pdf, id=432, 845.07724pt x 59
7.55246pt>
File: AutocalibrationSwitch-MagFieldStab_1V2_schematic.pdf Graphic file (type p
df)
<use AutocalibrationSwitch-MagFieldStab_1V2_schematic.pdf>
Package pdftex.def Info: AutocalibrationSwitch-MagFieldStab_1V2_schematic.pdf  
used on input line 140.
(pdftex.def)             Requested size: 845.07518pt x 597.551pt.


pdfTeX warning: pdflatex.exe (file ./AutocalibrationSwitch-MagFieldStab_1V2_sch
ematic.pdf): PDF inclusion: found PDF version <1.7>, but at most version <1.5> 
allowed
File: AutocalibrationSwitch-MagFieldStab_1V2_schematic.pdf Graphic file (type p
df)
<use AutocalibrationSwitch-MagFieldStab_1V2_schematic.pdf>
Package pdftex.def Info: AutocalibrationSwitch-MagFieldStab_1V2_schematic.pdf  
used on input line 140.
(pdftex.def)             Requested size: 845.07518pt x 597.551pt.


pdfTeX warning: pdflatex.exe (file ./AutocalibrationSwitch-MagFieldStab_1V2_sch
ematic.pdf): PDF inclusion: found PDF version <1.7>, but at most version <1.5> 
allowed


pdfTeX warning: pdflatex.exe (file ./AutocalibrationSwitch-MagFieldStab_1V2_sch
ematic.pdf): PDF inclusion: found PDF version <1.7>, but at most version <1.5> 
allowed
<AutocalibrationSwitch-MagFieldStab_1V2_schematic.pdf, id=435, page=1, 845.0772
4pt x 597.55246pt>
File: AutocalibrationSwitch-MagFieldStab_1V2_schematic.pdf Graphic file (type p
df)
<use AutocalibrationSwitch-MagFieldStab_1V2_schematic.pdf, page 1>
Package pdftex.def Info: AutocalibrationSwitch-MagFieldStab_1V2_schematic.pdf ,
 page1 used on input line 140.
(pdftex.def)             Requested size: 845.07518pt x 597.551pt.
File: AutocalibrationSwitch-MagFieldStab_1V2_schematic.pdf Graphic file (type p
df)
<use AutocalibrationSwitch-MagFieldStab_1V2_schematic.pdf, page 1>
Package pdftex.def Info: AutocalibrationSwitch-MagFieldStab_1V2_schematic.pdf ,
 page1 used on input line 140.
(pdftex.def)             Requested size: 845.07518pt x 597.551pt.
[13]
File: AutocalibrationSwitch-MagFieldStab_1V2_schematic.pdf Graphic file (type p
df)
<use AutocalibrationSwitch-MagFieldStab_1V2_schematic.pdf, page 1>
Package pdftex.def Info: AutocalibrationSwitch-MagFieldStab_1V2_schematic.pdf ,
 page1 used on input line 140.
(pdftex.def)             Requested size: 845.07518pt x 597.551pt.
File: AutocalibrationSwitch-MagFieldStab_1V2_schematic.pdf Graphic file (type p
df)
<use AutocalibrationSwitch-MagFieldStab_1V2_schematic.pdf, page 1>
Package pdftex.def Info: AutocalibrationSwitch-MagFieldStab_1V2_schematic.pdf ,
 page1 used on input line 140.
(pdftex.def)             Requested size: 845.07518pt x 597.551pt.
File: AutocalibrationSwitch-MagFieldStab_1V2_schematic.pdf Graphic file (type p
df)
<use AutocalibrationSwitch-MagFieldStab_1V2_schematic.pdf, page 1>
Package pdftex.def Info: AutocalibrationSwitch-MagFieldStab_1V2_schematic.pdf ,
 page1 used on input line 140.
(pdftex.def)             Requested size: 845.07518pt x 597.551pt.
 [14 <./AutocalibrationSwitch-MagFieldStab_1V2_schematic.pdf>]
LaTeX Font Info:    Try loading font information for TS1+cmr on input line 154.


(c:/texlive/2018/texmf-dist/tex/latex/base/ts1cmr.fd
File: ts1cmr.fd 2014/09/29 v2.5h Standard LaTeX font definitions
) [15]

pdfTeX warning: pdflatex.exe (file ./ArduinoShield_SPIlinedriver_Sync_Schematic
s3V0.pdf): PDF inclusion: found PDF version <1.7>, but at most version <1.5> al
lowed
<ArduinoShield_SPIlinedriver_Sync_Schematics3V0.pdf, id=455, 845.07724pt x 597.
55246pt>
File: ArduinoShield_SPIlinedriver_Sync_Schematics3V0.pdf Graphic file (type pdf
)
<use ArduinoShield_SPIlinedriver_Sync_Schematics3V0.pdf>
Package pdftex.def Info: ArduinoShield_SPIlinedriver_Sync_Schematics3V0.pdf  us
ed on input line 170.
(pdftex.def)             Requested size: 845.07518pt x 597.551pt.


pdfTeX warning: pdflatex.exe (file ./ArduinoShield_SPIlinedriver_Sync_Schematic
s3V0.pdf): PDF inclusion: found PDF version <1.7>, but at most version <1.5> al
lowed
File: ArduinoShield_SPIlinedriver_Sync_Schematics3V0.pdf Graphic file (type pdf
)
<use ArduinoShield_SPIlinedriver_Sync_Schematics3V0.pdf>
Package pdftex.def Info: ArduinoShield_SPIlinedriver_Sync_Schematics3V0.pdf  us
ed on input line 170.
(pdftex.def)             Requested size: 845.07518pt x 597.551pt.


pdfTeX warning: pdflatex.exe (file ./ArduinoShield_SPIlinedriver_Sync_Schematic
s3V0.pdf): PDF inclusion: found PDF version <1.7>, but at most version <1.5> al
lowed


pdfTeX warning: pdflatex.exe (file ./ArduinoShield_SPIlinedriver_Sync_Schematic
s3V0.pdf): PDF inclusion: found PDF version <1.7>, but at most version <1.5> al
lowed
<ArduinoShield_SPIlinedriver_Sync_Schematics3V0.pdf, id=458, page=1, 845.07724p
t x 597.55246pt>
File: ArduinoShield_SPIlinedriver_Sync_Schematics3V0.pdf Graphic file (type pdf
)
<use ArduinoShield_SPIlinedriver_Sync_Schematics3V0.pdf, page 1>
Package pdftex.def Info: ArduinoShield_SPIlinedriver_Sync_Schematics3V0.pdf , p
age1 used on input line 170.
(pdftex.def)             Requested size: 845.07518pt x 597.551pt.
File: ArduinoShield_SPIlinedriver_Sync_Schematics3V0.pdf Graphic file (type pdf
)
<use ArduinoShield_SPIlinedriver_Sync_Schematics3V0.pdf, page 1>
Package pdftex.def Info: ArduinoShield_SPIlinedriver_Sync_Schematics3V0.pdf , p
age1 used on input line 170.
(pdftex.def)             Requested size: 845.07518pt x 597.551pt.
[16]
File: ArduinoShield_SPIlinedriver_Sync_Schematics3V0.pdf Graphic file (type pdf
)
<use ArduinoShield_SPIlinedriver_Sync_Schematics3V0.pdf, page 1>
Package pdftex.def Info: ArduinoShield_SPIlinedriver_Sync_Schematics3V0.pdf , p
age1 used on input line 170.
(pdftex.def)             Requested size: 845.07518pt x 597.551pt.
File: ArduinoShield_SPIlinedriver_Sync_Schematics3V0.pdf Graphic file (type pdf
)
<use ArduinoShield_SPIlinedriver_Sync_Schematics3V0.pdf, page 1>
Package pdftex.def Info: ArduinoShield_SPIlinedriver_Sync_Schematics3V0.pdf , p
age1 used on input line 170.
(pdftex.def)             Requested size: 845.07518pt x 597.551pt.
File: ArduinoShield_SPIlinedriver_Sync_Schematics3V0.pdf Graphic file (type pdf
)
<use ArduinoShield_SPIlinedriver_Sync_Schematics3V0.pdf, page 1>
Package pdftex.def Info: ArduinoShield_SPIlinedriver_Sync_Schematics3V0.pdf , p
age1 used on input line 170.
(pdftex.def)             Requested size: 845.07518pt x 597.551pt.
 [17 <./ArduinoShield_SPIlinedriver_Sync_Schematics3V0.pdf>] [18]

pdfTeX warning: pdflatex.exe (file ./ReadOut_BartingtonMag690_ReadOut_3V5.pdf):
 PDF inclusion: found PDF version <1.7>, but at most version <1.5> allowed
<ReadOut_BartingtonMag690_ReadOut_3V5.pdf, id=487, 845.07724pt x 597.55246pt>
File: ReadOut_BartingtonMag690_ReadOut_3V5.pdf Graphic file (type pdf)
<use ReadOut_BartingtonMag690_ReadOut_3V5.pdf>
Package pdftex.def Info: ReadOut_BartingtonMag690_ReadOut_3V5.pdf  used on inpu
t line 195.
(pdftex.def)             Requested size: 845.07518pt x 597.551pt.


pdfTeX warning: pdflatex.exe (file ./ReadOut_BartingtonMag690_ReadOut_3V5.pdf):
 PDF inclusion: found PDF version <1.7>, but at most version <1.5> allowed
File: ReadOut_BartingtonMag690_ReadOut_3V5.pdf Graphic file (type pdf)
<use ReadOut_BartingtonMag690_ReadOut_3V5.pdf>
Package pdftex.def Info: ReadOut_BartingtonMag690_ReadOut_3V5.pdf  used on inpu
t line 195.
(pdftex.def)             Requested size: 845.07518pt x 597.551pt.


pdfTeX warning: pdflatex.exe (file ./ReadOut_BartingtonMag690_ReadOut_3V5.pdf):
 PDF inclusion: found PDF version <1.7>, but at most version <1.5> allowed
File: ReadOut_BartingtonMag690_ReadOut_3V5.pdf Graphic file (type pdf)
<use ReadOut_BartingtonMag690_ReadOut_3V5.pdf>
Package pdftex.def Info: ReadOut_BartingtonMag690_ReadOut_3V5.pdf  used on inpu
t line 195.
(pdftex.def)             Requested size: 845.07518pt x 597.551pt.


pdfTeX warning: pdflatex.exe (file ./ReadOut_BartingtonMag690_ReadOut_3V5.pdf):
 PDF inclusion: found PDF version <1.7>, but at most version <1.5> allowed


pdfTeX warning: pdflatex.exe (file ./ReadOut_BartingtonMag690_ReadOut_3V5.pdf):
 PDF inclusion: found PDF version <1.7>, but at most version <1.5> allowed
<ReadOut_BartingtonMag690_ReadOut_3V5.pdf, id=491, page=1, 845.07724pt x 597.55
246pt>
File: ReadOut_BartingtonMag690_ReadOut_3V5.pdf Graphic file (type pdf)
<use ReadOut_BartingtonMag690_ReadOut_3V5.pdf, page 1>
Package pdftex.def Info: ReadOut_BartingtonMag690_ReadOut_3V5.pdf , page1 used 
on input line 195.
(pdftex.def)             Requested size: 845.07518pt x 597.551pt.
File: ReadOut_BartingtonMag690_ReadOut_3V5.pdf Graphic file (type pdf)
<use ReadOut_BartingtonMag690_ReadOut_3V5.pdf, page 1>
Package pdftex.def Info: ReadOut_BartingtonMag690_ReadOut_3V5.pdf , page1 used 
on input line 195.
(pdftex.def)             Requested size: 845.07518pt x 597.551pt.
[19]
File: ReadOut_BartingtonMag690_ReadOut_3V5.pdf Graphic file (type pdf)
<use ReadOut_BartingtonMag690_ReadOut_3V5.pdf, page 1>
Package pdftex.def Info: ReadOut_BartingtonMag690_ReadOut_3V5.pdf , page1 used 
on input line 195.
(pdftex.def)             Requested size: 845.07518pt x 597.551pt.
File: ReadOut_BartingtonMag690_ReadOut_3V5.pdf Graphic file (type pdf)
<use ReadOut_BartingtonMag690_ReadOut_3V5.pdf, page 1>
Package pdftex.def Info: ReadOut_BartingtonMag690_ReadOut_3V5.pdf , page1 used 
on input line 195.
(pdftex.def)             Requested size: 845.07518pt x 597.551pt.
File: ReadOut_BartingtonMag690_ReadOut_3V5.pdf Graphic file (type pdf)
<use ReadOut_BartingtonMag690_ReadOut_3V5.pdf, page 1>
Package pdftex.def Info: ReadOut_BartingtonMag690_ReadOut_3V5.pdf , page1 used 
on input line 195.
(pdftex.def)             Requested size: 845.07518pt x 597.551pt.
 [20 <./ReadOut_BartingtonMag690_ReadOut_3V5.pdf>]

pdfTeX warning: pdflatex.exe (file ./ReadOut_BartingtonMag690_ReadOut_3V5.pdf):
 PDF inclusion: found PDF version <1.7>, but at most version <1.5> allowed
<ReadOut_BartingtonMag690_ReadOut_3V5.pdf, id=503, page=2, 845.07724pt x 597.55
246pt>
File: ReadOut_BartingtonMag690_ReadOut_3V5.pdf Graphic file (type pdf)
<use ReadOut_BartingtonMag690_ReadOut_3V5.pdf, page 2>
Package pdftex.def Info: ReadOut_BartingtonMag690_ReadOut_3V5.pdf , page2 used 
on input line 195.
(pdftex.def)             Requested size: 845.07518pt x 597.551pt.
File: ReadOut_BartingtonMag690_ReadOut_3V5.pdf Graphic file (type pdf)
<use ReadOut_BartingtonMag690_ReadOut_3V5.pdf, page 2>
Package pdftex.def Info: ReadOut_BartingtonMag690_ReadOut_3V5.pdf , page2 used 
on input line 195.
(pdftex.def)             Requested size: 845.07518pt x 597.551pt.
File: ReadOut_BartingtonMag690_ReadOut_3V5.pdf Graphic file (type pdf)
<use ReadOut_BartingtonMag690_ReadOut_3V5.pdf, page 2>
Package pdftex.def Info: ReadOut_BartingtonMag690_ReadOut_3V5.pdf , page2 used 
on input line 195.
(pdftex.def)             Requested size: 845.07518pt x 597.551pt.
[21 <./ReadOut_BartingtonMag690_ReadOut_3V5.pdf>]

pdfTeX warning: pdflatex.exe (file ./ReadOut_BartingtonMag690_ReadOut_3V5.pdf):
 PDF inclusion: found PDF version <1.7>, but at most version <1.5> allowed
<ReadOut_BartingtonMag690_ReadOut_3V5.pdf, id=508, page=3, 845.07724pt x 597.55
246pt>
File: ReadOut_BartingtonMag690_ReadOut_3V5.pdf Graphic file (type pdf)
<use ReadOut_BartingtonMag690_ReadOut_3V5.pdf, page 3>
Package pdftex.def Info: ReadOut_BartingtonMag690_ReadOut_3V5.pdf , page3 used 
on input line 195.
(pdftex.def)             Requested size: 845.07518pt x 597.551pt.
File: ReadOut_BartingtonMag690_ReadOut_3V5.pdf Graphic file (type pdf)
<use ReadOut_BartingtonMag690_ReadOut_3V5.pdf, page 3>
Package pdftex.def Info: ReadOut_BartingtonMag690_ReadOut_3V5.pdf , page3 used 
on input line 195.
(pdftex.def)             Requested size: 845.07518pt x 597.551pt.
File: ReadOut_BartingtonMag690_ReadOut_3V5.pdf Graphic file (type pdf)
<use ReadOut_BartingtonMag690_ReadOut_3V5.pdf, page 3>
Package pdftex.def Info: ReadOut_BartingtonMag690_ReadOut_3V5.pdf , page3 used 
on input line 195.
(pdftex.def)             Requested size: 845.07518pt x 597.551pt.
[22 <./ReadOut_BartingtonMag690_ReadOut_3V5.pdf>]

pdfTeX warning: pdflatex.exe (file ./ReadOut_BartingtonMag690_ReadOut_3V5.pdf):
 PDF inclusion: found PDF version <1.7>, but at most version <1.5> allowed
<ReadOut_BartingtonMag690_ReadOut_3V5.pdf, id=513, page=4, 845.07724pt x 597.55
246pt>
File: ReadOut_BartingtonMag690_ReadOut_3V5.pdf Graphic file (type pdf)
<use ReadOut_BartingtonMag690_ReadOut_3V5.pdf, page 4>
Package pdftex.def Info: ReadOut_BartingtonMag690_ReadOut_3V5.pdf , page4 used 
on input line 195.
(pdftex.def)             Requested size: 845.07518pt x 597.551pt.
File: ReadOut_BartingtonMag690_ReadOut_3V5.pdf Graphic file (type pdf)
<use ReadOut_BartingtonMag690_ReadOut_3V5.pdf, page 4>
Package pdftex.def Info: ReadOut_BartingtonMag690_ReadOut_3V5.pdf , page4 used 
on input line 195.
(pdftex.def)             Requested size: 845.07518pt x 597.551pt.
File: ReadOut_BartingtonMag690_ReadOut_3V5.pdf Graphic file (type pdf)
<use ReadOut_BartingtonMag690_ReadOut_3V5.pdf, page 4>
Package pdftex.def Info: ReadOut_BartingtonMag690_ReadOut_3V5.pdf , page4 used 
on input line 195.
(pdftex.def)             Requested size: 845.07518pt x 597.551pt.
[23 <./ReadOut_BartingtonMag690_ReadOut_3V5.pdf>]

pdfTeX warning: pdflatex.exe (file ./ReadOut_BartingtonMag690_ReadOut_3V5.pdf):
 PDF inclusion: found PDF version <1.7>, but at most version <1.5> allowed
<ReadOut_BartingtonMag690_ReadOut_3V5.pdf, id=518, page=5, 845.07724pt x 597.55
246pt>
File: ReadOut_BartingtonMag690_ReadOut_3V5.pdf Graphic file (type pdf)
<use ReadOut_BartingtonMag690_ReadOut_3V5.pdf, page 5>
Package pdftex.def Info: ReadOut_BartingtonMag690_ReadOut_3V5.pdf , page5 used 
on input line 195.
(pdftex.def)             Requested size: 845.07518pt x 597.551pt.
File: ReadOut_BartingtonMag690_ReadOut_3V5.pdf Graphic file (type pdf)
<use ReadOut_BartingtonMag690_ReadOut_3V5.pdf, page 5>
Package pdftex.def Info: ReadOut_BartingtonMag690_ReadOut_3V5.pdf , page5 used 
on input line 195.
(pdftex.def)             Requested size: 845.07518pt x 597.551pt.
File: ReadOut_BartingtonMag690_ReadOut_3V5.pdf Graphic file (type pdf)
<use ReadOut_BartingtonMag690_ReadOut_3V5.pdf, page 5>
Package pdftex.def Info: ReadOut_BartingtonMag690_ReadOut_3V5.pdf , page5 used 
on input line 195.
(pdftex.def)             Requested size: 845.07518pt x 597.551pt.
[24 <./ReadOut_BartingtonMag690_ReadOut_3V5.pdf>]

pdfTeX warning: pdflatex.exe (file ./ReadOut_BartingtonMag690_ReadOut_3V5.pdf):
 PDF inclusion: found PDF version <1.7>, but at most version <1.5> allowed
<ReadOut_BartingtonMag690_ReadOut_3V5.pdf, id=524, page=6, 845.07724pt x 597.55
246pt>
File: ReadOut_BartingtonMag690_ReadOut_3V5.pdf Graphic file (type pdf)
<use ReadOut_BartingtonMag690_ReadOut_3V5.pdf, page 6>
Package pdftex.def Info: ReadOut_BartingtonMag690_ReadOut_3V5.pdf , page6 used 
on input line 195.
(pdftex.def)             Requested size: 845.07518pt x 597.551pt.
File: ReadOut_BartingtonMag690_ReadOut_3V5.pdf Graphic file (type pdf)
<use ReadOut_BartingtonMag690_ReadOut_3V5.pdf, page 6>
Package pdftex.def Info: ReadOut_BartingtonMag690_ReadOut_3V5.pdf , page6 used 
on input line 195.
(pdftex.def)             Requested size: 845.07518pt x 597.551pt.
File: ReadOut_BartingtonMag690_ReadOut_3V5.pdf Graphic file (type pdf)
<use ReadOut_BartingtonMag690_ReadOut_3V5.pdf, page 6>
Package pdftex.def Info: ReadOut_BartingtonMag690_ReadOut_3V5.pdf , page6 used 
on input line 195.
(pdftex.def)             Requested size: 845.07518pt x 597.551pt.
[25 <./ReadOut_BartingtonMag690_ReadOut_3V5.pdf>]

pdfTeX warning: pdflatex.exe (file ./ReadOut_BartingtonMag690_ReadOut_3V5.pdf):
 PDF inclusion: found PDF version <1.7>, but at most version <1.5> allowed
<ReadOut_BartingtonMag690_ReadOut_3V5.pdf, id=529, page=7, 845.07724pt x 597.55
246pt>
File: ReadOut_BartingtonMag690_ReadOut_3V5.pdf Graphic file (type pdf)
<use ReadOut_BartingtonMag690_ReadOut_3V5.pdf, page 7>
Package pdftex.def Info: ReadOut_BartingtonMag690_ReadOut_3V5.pdf , page7 used 
on input line 195.
(pdftex.def)             Requested size: 845.07518pt x 597.551pt.
File: ReadOut_BartingtonMag690_ReadOut_3V5.pdf Graphic file (type pdf)
<use ReadOut_BartingtonMag690_ReadOut_3V5.pdf, page 7>
Package pdftex.def Info: ReadOut_BartingtonMag690_ReadOut_3V5.pdf , page7 used 
on input line 195.
(pdftex.def)             Requested size: 845.07518pt x 597.551pt.
File: ReadOut_BartingtonMag690_ReadOut_3V5.pdf Graphic file (type pdf)
<use ReadOut_BartingtonMag690_ReadOut_3V5.pdf, page 7>
Package pdftex.def Info: ReadOut_BartingtonMag690_ReadOut_3V5.pdf , page7 used 
on input line 195.
(pdftex.def)             Requested size: 845.07518pt x 597.551pt.
[26 <./ReadOut_BartingtonMag690_ReadOut_3V5.pdf>]

pdfTeX warning: pdflatex.exe (file ./ReadOut_BartingtonMag690_ReadOut_3V5.pdf):
 PDF inclusion: found PDF version <1.7>, but at most version <1.5> allowed
<ReadOut_BartingtonMag690_ReadOut_3V5.pdf, id=535, page=10, 845.07724pt x 597.5
5246pt>
File: ReadOut_BartingtonMag690_ReadOut_3V5.pdf Graphic file (type pdf)
<use ReadOut_BartingtonMag690_ReadOut_3V5.pdf, page 10>
Package pdftex.def Info: ReadOut_BartingtonMag690_ReadOut_3V5.pdf , page10 used
 on input line 195.
(pdftex.def)             Requested size: 845.07518pt x 597.551pt.
File: ReadOut_BartingtonMag690_ReadOut_3V5.pdf Graphic file (type pdf)
<use ReadOut_BartingtonMag690_ReadOut_3V5.pdf, page 10>
Package pdftex.def Info: ReadOut_BartingtonMag690_ReadOut_3V5.pdf , page10 used
 on input line 195.
(pdftex.def)             Requested size: 845.07518pt x 597.551pt.
File: ReadOut_BartingtonMag690_ReadOut_3V5.pdf Graphic file (type pdf)
<use ReadOut_BartingtonMag690_ReadOut_3V5.pdf, page 10>
Package pdftex.def Info: ReadOut_BartingtonMag690_ReadOut_3V5.pdf , page10 used
 on input line 195.
(pdftex.def)             Requested size: 845.07518pt x 597.551pt.
[27 <./ReadOut_BartingtonMag690_ReadOut_3V5.pdf>]

pdfTeX warning: pdflatex.exe (file ./ReadOut_BartingtonMag690_ReadOut_3V5.pdf):
 PDF inclusion: found PDF version <1.7>, but at most version <1.5> allowed
<ReadOut_BartingtonMag690_ReadOut_3V5.pdf, id=540, page=11, 845.07724pt x 597.5
5246pt>
File: ReadOut_BartingtonMag690_ReadOut_3V5.pdf Graphic file (type pdf)
<use ReadOut_BartingtonMag690_ReadOut_3V5.pdf, page 11>
Package pdftex.def Info: ReadOut_BartingtonMag690_ReadOut_3V5.pdf , page11 used
 on input line 195.
(pdftex.def)             Requested size: 845.07518pt x 597.551pt.
File: ReadOut_BartingtonMag690_ReadOut_3V5.pdf Graphic file (type pdf)
<use ReadOut_BartingtonMag690_ReadOut_3V5.pdf, page 11>
Package pdftex.def Info: ReadOut_BartingtonMag690_ReadOut_3V5.pdf , page11 used
 on input line 195.
(pdftex.def)             Requested size: 845.07518pt x 597.551pt.
File: ReadOut_BartingtonMag690_ReadOut_3V5.pdf Graphic file (type pdf)
<use ReadOut_BartingtonMag690_ReadOut_3V5.pdf, page 11>
Package pdftex.def Info: ReadOut_BartingtonMag690_ReadOut_3V5.pdf , page11 used
 on input line 195.
(pdftex.def)             Requested size: 845.07518pt x 597.551pt.
[28 <./ReadOut_BartingtonMag690_ReadOut_3V5.pdf>]
Chapter 3.
[29

]
Chapter 4.
\dtldb@list=\toks53
\dtlkeys@list=\toks54
\dtlrows@list=\count347
\dtlcols@list=\count348
LaTeX Font Info:    Try loading font information for OMS+cmr on input line 235.

(c:/texlive/2018/texmf-dist/tex/latex/base/omscmr.fd
File: omscmr.fd 2014/09/29 v2.5h Standard LaTeX font definitions
)
LaTeX Font Info:    Font shape `OMS/cmr/m/n' in size <12> not available
(Font)              Font shape `OMS/cmsy/m/n' tried instead on input line 235.
 [30

] [31]
(./Manual_MagFieldContraption_1V0.bbl
LaTeX Font Info:    Try loading font information for OT1+pcr on input line 17.

(c:/texlive/2018/texmf-dist/tex/latex/psnfss/ot1pcr.fd
File: ot1pcr.fd 2001/06/04 font definitions for OT1/pcr.
)
Underfull \hbox (badness 10000) in paragraph at lines 13--18
[][]$\OT1/pcr/m/n/12 https : / / www . bartington . com / wp-[]content / upload
s / pdfs / operation _
 []

) [32


]
Package atveryend Info: Empty hook `BeforeClearDocument' on input line 243.
Package atveryend Info: Empty hook `AfterLastShipout' on input line 243.
 (./Manual_MagFieldContraption_1V0.aux)
Package atveryend Info: Executing hook `AtVeryEndDocument' on input line 243.
Package atveryend Info: Executing hook `AtEndAfterFileList' on input line 243.
Package rerunfilecheck Info: File `Manual_MagFieldContraption_1V0.out' has not 
changed.
(rerunfilecheck)             Checksum: E4B247C25910F2F5F68B39A9DA89D43B;1276.
Package atveryend Info: Empty hook `AtVeryVeryEnd' on input line 243.
 ) 
Here is how much of TeX's memory you used:
 23023 strings out of 492616
 413259 string characters out of 6132768
 526662 words of memory out of 5000000
 26576 multiletter control sequences out of 15000+600000
 545050 words of font info for 71 fonts, out of 8000000 for 9000
 1141 hyphenation exceptions out of 8191
 46i,20n,63p,2072b,1523s stack positions out of 5000i,500n,10000p,200000b,80000s
{c:/texlive/2018/texmf-dist/fonts/enc/dvips/base/8r.enc}{c:/texlive/2018/texm
f-dist/fonts/enc/dvips/cm-super/cm-super-ts1.enc}<c:/texlive/2018/texmf-dist/fo
nts/type1/public/amsfonts/cm/cmbx12.pfb><c:/texlive/2018/texmf-dist/fonts/type1
/public/amsfonts/cm/cmmi12.pfb><c:/texlive/2018/texmf-dist/fonts/type1/public/a
msfonts/cm/cmmi8.pfb><c:/texlive/2018/texmf-dist/fonts/type1/public/amsfonts/cm
/cmr12.pfb><c:/texlive/2018/texmf-dist/fonts/type1/public/amsfonts/cm/cmr8.pfb>
<c:/texlive/2018/texmf-dist/fonts/type1/public/amsfonts/cm/cmsy10.pfb><c:/texli
ve/2018/texmf-dist/fonts/type1/public/amsfonts/cm/cmsy8.pfb><c:/texlive/2018/te
xmf-dist/fonts/type1/public/amsfonts/cm/cmti12.pfb><c:/texlive/2018/texmf-dist/
fonts/type1/public/cm-super/sfrm1200.pfb><c:/texlive/2018/texmf-dist/fonts/type
1/urw/courier/ucrr8a.pfb>
Output written on Manual_MagFieldContraption_1V0.pdf (33 pages, 2465209 bytes).

PDF statistics:
 656 PDF objects out of 1000 (max. 8388607)
 543 compressed objects within 6 object streams
 97 named destinations out of 1000 (max. 500000)
 335 words of extra memory for PDF output out of 10000 (max. 10000000)

