#
# A fatal error has been detected by the Java Runtime Environment:
#
#  EXCEPTION_ACCESS_VIOLATION (0xc0000005) at pc=0x5925757e, pid=12448, tid=0x00000264
#
# JRE version: Java(TM) SE Runtime Environment (8.0_191-b12) (build 1.8.0_191-b12)
# Java VM: Java HotSpot(TM) Client VM (25.191-b12 mixed mode windows-x86 )
# Problematic frame:
# V  [jvm.dll+0xe757e]
#
# Failed to write core dump. Minidumps are not enabled by default on client versions of Windows
#
# If you would like to submit a bug report, please visit:
#   http://bugreport.java.com/bugreport/crash.jsp
#

---------------  T H R E A D  ---------------

Current thread (0x28199400):  JavaThread "EventThread COM3" [_thread_in_vm, id=612, stack(0x02960000,0x029b0000)]

siginfo: ExceptionCode=0xc0000005, reading address 0x00000000

Registers:
EAX=0x00000000, EBX=0x27b9dc58, ECX=0x28199400, EDX=0x0000009f
ESP=0x029abf3c, EBP=0x029abf58, ESI=0x00000000, EDI=0x28199400
EIP=0x5925757e, EFLAGS=0x00010246

Top of Stack: (sp=0x029abf3c)
0x029abf3c:   029abf74 28199540 27b9dc58 28199400
0x029abf4c:   29123424 0000009f 59455568 029af7e8
0x029abf5c:   6400183d 28199540 00000000 00000000
0x029abf6c:   00003824 029abf74 2d2d2d2d 20203e2d
0x029abf7c:   61657220 30302064 20633320 38206564
0x029abf8c:   570a2030 65746972 62203420 73657479
0x029abf9c:   3734203a 20303020 30203030 20202030
0x029abfac:   2d2d3c20 3e2d2d2d 72202020 20646165 

Instructions: (pc=0x5925757e)
0x5925755e:   c4 08 83 7f 04 00 89 7d f0 c7 45 f4 00 00 00 00
0x5925756e:   74 08 8d 4d f0 e8 e8 34 0c 00 8b 75 10 8b 45 0c
0x5925757e:   8b 10 85 f6 78 32 8b 45 14 85 c0 78 2b 8d 0c 06
0x5925758e:   3b 4a 08 77 23 85 c0 7e 3b 8b 4a 04 8b 49 04 83 


Register to memory mapping:

EAX=0x00000000 is an unknown value
EBX=0x27b9dc58 is an unknown value
ECX=0x28199400 is a thread
EDX=0x0000009f is an unknown value
ESP=0x029abf3c is pointing into the stack for thread: 0x28199400
EBP=0x029abf58 is pointing into the stack for thread: 0x28199400
ESI=0x00000000 is an unknown value
EDI=0x28199400 is a thread


Stack: [0x02960000,0x029b0000],  sp=0x029abf3c,  free space=303k
Native frames: (J=compiled Java code, j=interpreted, Vv=VM code, C=native code)
V  [jvm.dll+0xe757e]
C  [jSSC-2.8_x86.dll+0x183d]
J 3357  jssc.SerialNativeInterface.readBytes(JI)[B (0 bytes) @ 0x032e00a5 [0x032e0010+0x95]
J 18551 C1 processing.app.Serial.serialEvent(Ljssc/SerialPortEvent;)V (195 bytes) @ 0x02e19db4 [0x02e19c80+0x134]
J 3250 C1 jssc.SerialPort$EventThread.run()V (84 bytes) @ 0x032b8f58 [0x032b8df0+0x168]
v  ~StubRoutines::call_stub
V  [jvm.dll+0x15c315]
V  [jvm.dll+0x223ece]
V  [jvm.dll+0x15c3ae]
V  [jvm.dll+0x15c536]
V  [jvm.dll+0x15c5a7]
V  [jvm.dll+0x1002ef]
V  [jvm.dll+0x17f550]
V  [jvm.dll+0x17fdca]
V  [jvm.dll+0x1c57a6]
C  [msvcr100.dll+0x5c556]
C  [msvcr100.dll+0x5c600]
C  [KERNEL32.DLL+0x16359]
C  [ntdll.dll+0x67b74]
C  [ntdll.dll+0x67b44]
C  0x00000000

Java frames: (J=compiled Java code, j=interpreted, Vv=VM code)
J 3357  jssc.SerialNativeInterface.readBytes(JI)[B (0 bytes) @ 0x032e0061 [0x032e0010+0x51]
J 18551 C1 processing.app.Serial.serialEvent(Ljssc/SerialPortEvent;)V (195 bytes) @ 0x02e19db4 [0x02e19c80+0x134]
J 3250 C1 jssc.SerialPort$EventThread.run()V (84 bytes) @ 0x032b8f58 [0x032b8df0+0x168]
v  ~StubRoutines::call_stub

---------------  P R O C E S S  ---------------

Java Threads: ( => current thread )
=>0x28199400 JavaThread "EventThread COM3" [_thread_in_vm, id=612, stack(0x02960000,0x029b0000)]
  0x28302400 JavaThread "DestroyJavaVM" [_thread_blocked, id=16852, stack(0x02c00000,0x02c50000)]
  0x28304400 JavaThread "TimerQueue" daemon [_thread_blocked, id=11936, stack(0x2add0000,0x2ae20000)]
  0x28303800 JavaThread "Batik CleanerThread" daemon [_thread_blocked, id=408, stack(0x28de0000,0x28e30000)]
  0x28303000 JavaThread "JmDNS(LAPTOP-C220HGDE.local.).State.Timer" [_thread_blocked, id=10664, stack(0x28c00000,0x28c50000)]
  0x282c4c00 JavaThread "JmDNS(LAPTOP-C220HGDE.local.).Timer" daemon [_thread_blocked, id=14152, stack(0x28b70000,0x28bc0000)]
  0x282c4400 JavaThread "SocketListener(LAPTOP-C220HGDE.local.)" daemon [_thread_blocked, id=11408, stack(0x28ae0000,0x28b30000)]
  0x282f0800 JavaThread "AWT-EventQueue-0" [_thread_blocked, id=16420, stack(0x28950000,0x289a0000)]
  0x282f0000 JavaThread "AWT-Shutdown" [_thread_blocked, id=11260, stack(0x288c0000,0x28910000)]
  0x2813ac00 JavaThread "Multihomed mDNS.Timer" daemon [_thread_blocked, id=18876, stack(0x26f80000,0x26fd0000)]
  0x2813a400 JavaThread "cc.arduino.packages.discoverers.serial.SerialDiscovery" [_thread_blocked, id=19864, stack(0x28730000,0x28780000)]
  0x26b31400 JavaThread "AWT-Windows" daemon [_thread_in_native, id=6016, stack(0x27010000,0x27060000)]
  0x26b30000 JavaThread "Java2D Disposer" daemon [_thread_blocked, id=13064, stack(0x26ef0000,0x26f40000)]
  0x26165800 JavaThread "Service Thread" daemon [_thread_blocked, id=2588, stack(0x26790000,0x267e0000)]
  0x2615d800 JavaThread "C1 CompilerThread0" daemon [_thread_blocked, id=12176, stack(0x26700000,0x26750000)]
  0x2616c000 JavaThread "Attach Listener" daemon [_thread_blocked, id=13644, stack(0x26670000,0x266c0000)]
  0x2616b000 JavaThread "Signal Dispatcher" daemon [_thread_blocked, id=1164, stack(0x265e0000,0x26630000)]
  0x2614cc00 JavaThread "Finalizer" daemon [_thread_blocked, id=6224, stack(0x26450000,0x264a0000)]
  0x26147000 JavaThread "Reference Handler" daemon [_thread_blocked, id=4016, stack(0x263c0000,0x26410000)]

Other Threads:
  0x26131c00 VMThread [stack: 0x26330000,0x26380000] [id=5560]
  0x26167400 WatcherThread [stack: 0x26820000,0x26870000] [id=8600]

VM state:synchronizing (normal execution)

VM Mutex/Monitor currently owned by a thread:  ([mutex/lock_event])
[0x02a009d0] Threads_lock - owner thread: 0x26131c00
[0x02a00078] Heap_lock - owner thread: 0x282c4400

Heap:
 def new generation   total 157248K, used 157247K [0x05000000, 0x0faa0000, 0x0faa0000)
  eden space 139776K, 100% used [0x05000000, 0x0d880000, 0x0d880000)
  from space 17472K,  99% used [0x0e990000, 0x0fa9ffd8, 0x0faa0000)
  to   space 17472K,   0% used [0x0d880000, 0x0d880000, 0x0e990000)
 tenured generation   total 349568K, used 349567K [0x0faa0000, 0x25000000, 0x25000000)
   the space 349568K,  99% used [0x0faa0000, 0x24fffff0, 0x25000000, 0x25000000)
 Metaspace       used 25997K, capacity 26642K, committed 26880K, reserved 27008K

Card table byte_map: [0x25000000,0x25110000] byte_map_base: 0x24fd8000

Polling page: 0x00ca0000

CodeCache: size=32768Kb used=2354Kb max_used=5760Kb free=30413Kb
 bounds [0x02d70000, 0x03318000, 0x04d70000]
 total_blobs=1545 nmethods=1246 adapters=227
 compilation: enabled

Compilation events (10 events):
Event: 3276.242 Thread 0x2615d800 18727             javax.jmdns.impl.constants.DNSRecordClass::classForIndex (64 bytes)
Event: 3276.243 Thread 0x2615d800 nmethod 18727 0x0330d5c8 code [0x0330d6f0, 0x0330d8b8]
Event: 3278.610 Thread 0x2615d800 18728             javax.swing.text.GlyphView$GlyphPainter::getPainter (2 bytes)
Event: 3278.610 Thread 0x2615d800 nmethod 18728 0x031dd4c8 code [0x031dd5c0, 0x031dd640]
Event: 3286.231 Thread 0x2615d800 18729   !         javax.jmdns.impl.DNSIncoming::<init> (513 bytes)
Event: 3286.233 Thread 0x2615d800 nmethod 18729 0x03187488 code [0x03187890, 0x03189374]
Event: 3296.197 Thread 0x2615d800 18730             java.util.HashMap$HashIterator::hasNext (13 bytes)
Event: 3296.197 Thread 0x2615d800 nmethod 18730 0x03133308 code [0x03133400, 0x03133490]
Event: 3310.776 Thread 0x2615d800 18731             sun.util.locale.provider.RuleBasedBreakIterator::readTables (413 bytes)
Event: 3311.050 Thread 0x2615d800 nmethod 18731 0x02f427c8 code [0x02f429c0, 0x02f4354c]

GC Heap History (10 events):
Event: 3311.337 GC heap before
{Heap before GC invocations=1596 (full 975):
 def new generation   total 157248K, used 157241K [0x05000000, 0x0faa0000, 0x0faa0000)
  eden space 139776K, 100% used [0x05000000, 0x0d880000, 0x0d880000)
  from space 17472K,  99% used [0x0e990000, 0x0fa9e780, 0x0faa0000)
  to   space 17472K,   0% used [0x0d880000, 0x0d880000, 0x0e990000)
 tenured generation   total 349568K, used 349567K [0x0faa0000, 0x25000000, 0x25000000)
   the space 349568K,  99% used [0x0faa0000, 0x24fffff8, 0x25000000, 0x25000000)
 Metaspace       used 25997K, capacity 26642K, committed 26880K, reserved 27008K
Event: 3311.679 GC heap after
Heap after GC invocations=1597 (full 976):
 def new generation   total 157248K, used 157229K [0x05000000, 0x0faa0000, 0x0faa0000)
  eden space 139776K,  99% used [0x05000000, 0x0d87fb18, 0x0d880000)
  from space 17472K,  99% used [0x0e990000, 0x0fa9b9c0, 0x0faa0000)
  to   space 17472K,   0% used [0x0d880000, 0x0d880000, 0x0e990000)
 tenured generation   total 349568K, used 349567K [0x0faa0000, 0x25000000, 0x25000000)
   the space 349568K,  99% used [0x0faa0000, 0x24fffff0, 0x25000000, 0x25000000)
 Metaspace       used 25997K, capacity 26642K, committed 26880K, reserved 27008K
}
Event: 3311.680 GC heap before
{Heap before GC invocations=1597 (full 976):
 def new generation   total 157248K, used 157247K [0x05000000, 0x0faa0000, 0x0faa0000)
  eden space 139776K, 100% used [0x05000000, 0x0d880000, 0x0d880000)
  from space 17472K,  99% used [0x0e990000, 0x0fa9ffd0, 0x0faa0000)
  to   space 17472K,   0% used [0x0d880000, 0x0d880000, 0x0e990000)
 tenured generation   total 349568K, used 349567K [0x0faa0000, 0x25000000, 0x25000000)
   the space 349568K,  99% used [0x0faa0000, 0x24fffff0, 0x25000000, 0x25000000)
 Metaspace       used 25997K, capacity 26642K, committed 26880K, reserved 27008K
Event: 3311.947 GC heap after
Heap after GC invocations=1598 (full 977):
 def new generation   total 157248K, used 157235K [0x05000000, 0x0faa0000, 0x0faa0000)
  eden space 139776K,  99% used [0x05000000, 0x0d87fbd8, 0x0d880000)
  from space 17472K,  99% used [0x0e990000, 0x0fa9d3c8, 0x0faa0000)
  to   space 17472K,   0% used [0x0d880000, 0x0d880000, 0x0e990000)
 tenured generation   total 349568K, used 349567K [0x0faa0000, 0x25000000, 0x25000000)
   the space 349568K,  99% used [0x0faa0000, 0x24fffff0, 0x25000000, 0x25000000)
 Metaspace       used 25997K, capacity 26642K, committed 26880K, reserved 27008K
}
Event: 3311.948 GC heap before
{Heap before GC invocations=1598 (full 977):
 def new generation   total 157248K, used 157241K [0x05000000, 0x0faa0000, 0x0faa0000)
  eden space 139776K, 100% used [0x05000000, 0x0d880000, 0x0d880000)
  from space 17472K,  99% used [0x0e990000, 0x0fa9e7f0, 0x0faa0000)
  to   space 17472K,   0% used [0x0d880000, 0x0d880000, 0x0e990000)
 tenured generation   total 349568K, used 349567K [0x0faa0000, 0x25000000, 0x25000000)
   the space 349568K,  99% used [0x0faa0000, 0x24fffff0, 0x25000000, 0x25000000)
 Metaspace       used 25997K, capacity 26642K, committed 26880K, reserved 27008K
Event: 3312.232 GC heap after
Heap after GC invocations=1599 (full 978):
 def new generation   total 157248K, used 157231K [0x05000000, 0x0faa0000, 0x0faa0000)
  eden space 139776K,  99% used [0x05000000, 0x0d87fc18, 0x0d880000)
  from space 17472K,  99% used [0x0e990000, 0x0fa9c0f0, 0x0faa0000)
  to   space 17472K,   0% used [0x0d880000, 0x0d880000, 0x0e990000)
 tenured generation   total 349568K, used 349567K [0x0faa0000, 0x25000000, 0x25000000)
   the space 349568K,  99% used [0x0faa0000, 0x24fffff0, 0x25000000, 0x25000000)
 Metaspace       used 25997K, capacity 26642K, committed 26880K, reserved 27008K
}
Event: 3312.232 GC heap before
{Heap before GC invocations=1599 (full 978):
 def new generation   total 157248K, used 157242K [0x05000000, 0x0faa0000, 0x0faa0000)
  eden space 139776K, 100% used [0x05000000, 0x0d880000, 0x0d880000)
  from space 17472K,  99% used [0x0e990000, 0x0fa9eb18, 0x0faa0000)
  to   space 17472K,   0% used [0x0d880000, 0x0d880000, 0x0e990000)
 tenured generation   total 349568K, used 349567K [0x0faa0000, 0x25000000, 0x25000000)
   the space 349568K,  99% used [0x0faa0000, 0x24fffff0, 0x25000000, 0x25000000)
 Metaspace       used 25997K, capacity 26642K, committed 26880K, reserved 27008K
Event: 3312.503 GC heap after
Heap after GC invocations=1600 (full 979):
 def new generation   total 157248K, used 157241K [0x05000000, 0x0faa0000, 0x0faa0000)
  eden space 139776K,  99% used [0x05000000, 0x0d87fd08, 0x0d880000)
  from space 17472K,  99% used [0x0e990000, 0x0fa9ead8, 0x0faa0000)
  to   space 17472K,   0% used [0x0d880000, 0x0d880000, 0x0e990000)
 tenured generation   total 349568K, used 349567K [0x0faa0000, 0x25000000, 0x25000000)
   the space 349568K,  99% used [0x0faa0000, 0x24fffff0, 0x25000000, 0x25000000)
 Metaspace       used 25997K, capacity 26642K, committed 26880K, reserved 27008K
}
Event: 3312.503 GC heap before
{Heap before GC invocations=1600 (full 979):
 def new generation   total 157248K, used 157241K [0x05000000, 0x0faa0000, 0x0faa0000)
  eden space 139776K,  99% used [0x05000000, 0x0d87fd08, 0x0d880000)
  from space 17472K,  99% used [0x0e990000, 0x0fa9ead8, 0x0faa0000)
  to   space 17472K,   0% used [0x0d880000, 0x0d880000, 0x0e990000)
 tenured generation   total 349568K, used 349567K [0x0faa0000, 0x25000000, 0x25000000)
   the space 349568K,  99% used [0x0faa0000, 0x24fffff0, 0x25000000, 0x25000000)
 Metaspace       used 25997K, capacity 26642K, committed 26880K, reserved 27008K
Event: 3312.781 GC heap after
Heap after GC invocations=1601 (full 980):
 def new generation   total 157248K, used 157241K [0x05000000, 0x0faa0000, 0x0faa0000)
  eden space 139776K,  99% used [0x05000000, 0x0d87fd08, 0x0d880000)
  from space 17472K,  99% used [0x0e990000, 0x0fa9ead8, 0x0faa0000)
  to   space 17472K,   0% used [0x0d880000, 0x0d880000, 0x0e990000)
 tenured generation   total 349568K, used 349567K [0x0faa0000, 0x25000000, 0x25000000)
   the space 349568K,  99% used [0x0faa0000, 0x24fffff0, 0x25000000, 0x25000000)
 Metaspace       used 25997K, capacity 26642K, committed 26880K, reserved 27008K
}

Deoptimization events (0 events):
No events

Classes redefined (0 events):
No events

Internal exceptions (10 events):
Event: 2959.456 Thread 0x28197c00 Exception <a 'sun/nio/fs/WindowsException'> (0x0580fb88) thrown at [C:\workspace\8-2-build-windows-i586-cygwin\jdk8u191\11896\hotspot\src\share\vm\prims\jni.cpp, line 709]
Event: 2959.458 Thread 0x28197c00 Exception <a 'sun/nio/fs/WindowsException'> (0x0581f818) thrown at [C:\workspace\8-2-build-windows-i586-cygwin\jdk8u191\11896\hotspot\src\share\vm\prims\jni.cpp, line 709]
Event: 2959.458 Thread 0x28197c00 Exception <a 'sun/nio/fs/WindowsException'> (0x0581fd48) thrown at [C:\workspace\8-2-build-windows-i586-cygwin\jdk8u191\11896\hotspot\src\share\vm\prims\jni.cpp, line 709]
Event: 2959.459 Thread 0x28197c00 Exception <a 'sun/nio/fs/WindowsException'> (0x05831728) thrown at [C:\workspace\8-2-build-windows-i586-cygwin\jdk8u191\11896\hotspot\src\share\vm\prims\jni.cpp, line 709]
Event: 2959.459 Thread 0x28197c00 Exception <a 'sun/nio/fs/WindowsException'> (0x05831e38) thrown at [C:\workspace\8-2-build-windows-i586-cygwin\jdk8u191\11896\hotspot\src\share\vm\prims\jni.cpp, line 709]
Event: 2959.459 Thread 0x28197c00 Exception <a 'sun/nio/fs/WindowsException'> (0x0583bd00) thrown at [C:\workspace\8-2-build-windows-i586-cygwin\jdk8u191\11896\hotspot\src\share\vm\prims\jni.cpp, line 709]
Event: 2959.459 Thread 0x28197c00 Exception <a 'sun/nio/fs/WindowsException'> (0x0583c410) thrown at [C:\workspace\8-2-build-windows-i586-cygwin\jdk8u191\11896\hotspot\src\share\vm\prims\jni.cpp, line 709]
Event: 2959.460 Thread 0x28197c00 Exception <a 'sun/nio/fs/WindowsException'> (0x05846210) thrown at [C:\workspace\8-2-build-windows-i586-cygwin\jdk8u191\11896\hotspot\src\share\vm\prims\jni.cpp, line 709]
Event: 2959.460 Thread 0x28197c00 Exception <a 'sun/nio/fs/WindowsException'> (0x05846920) thrown at [C:\workspace\8-2-build-windows-i586-cygwin\jdk8u191\11896\hotspot\src\share\vm\prims\jni.cpp, line 709]
Event: 3312.781 Thread 0x28199400 Exception <a 'java/lang/OutOfMemoryError'> (0x0fb30780) thrown at [C:\workspace\8-2-build-windows-i586-cygwin\jdk8u191\11896\hotspot\src\share\vm\gc_interface/collectedHeap.inline.hpp, line 159]

Events (10 events):
Event: 3311.050 Executing VM operation: GenCollectForAllocation
Event: 3311.337 Executing VM operation: GenCollectForAllocation done
Event: 3311.337 Executing VM operation: GenCollectForAllocation
Event: 3311.679 Executing VM operation: GenCollectForAllocation done
Event: 3311.679 Executing VM operation: GenCollectForAllocation
Event: 3311.947 Executing VM operation: GenCollectForAllocation done
Event: 3311.948 Executing VM operation: GenCollectForAllocation
Event: 3312.232 Executing VM operation: GenCollectForAllocation done
Event: 3312.232 Executing VM operation: GenCollectForAllocation
Event: 3312.781 Executing VM operation: GenCollectForAllocation done


Dynamic libraries:
0x00e60000 - 0x00e93000 	C:\Program Files (x86)\Arduino\java\bin\javaw.exe
0x77870000 - 0x77a0a000 	C:\WINDOWS\SYSTEM32\ntdll.dll
0x75100000 - 0x751e0000 	C:\WINDOWS\System32\KERNEL32.DLL
0x773a0000 - 0x7759c000 	C:\WINDOWS\System32\KERNELBASE.dll
0x75d70000 - 0x75de9000 	C:\WINDOWS\System32\ADVAPI32.dll
0x76340000 - 0x763ff000 	C:\WINDOWS\System32\msvcrt.dll
0x77320000 - 0x77396000 	C:\WINDOWS\System32\sechost.dll
0x751e0000 - 0x7529b000 	C:\WINDOWS\System32\RPCRT4.dll
0x75040000 - 0x75060000 	C:\WINDOWS\System32\SspiCli.dll
0x75030000 - 0x7503a000 	C:\WINDOWS\System32\CRYPTBASE.dll
0x77150000 - 0x771af000 	C:\WINDOWS\System32\bcryptPrimitives.dll
0x776c0000 - 0x77857000 	C:\WINDOWS\System32\USER32.dll
0x75e80000 - 0x75e97000 	C:\WINDOWS\System32\win32u.dll
0x76a50000 - 0x76a71000 	C:\WINDOWS\System32\GDI32.dll
0x76750000 - 0x768aa000 	C:\WINDOWS\System32\gdi32full.dll
0x76a80000 - 0x76afc000 	C:\WINDOWS\System32\msvcp_win.dll
0x76930000 - 0x76a4f000 	C:\WINDOWS\System32\ucrtbase.dll
0x6ae50000 - 0x6b05f000 	C:\WINDOWS\WinSxS\x86_microsoft.windows.common-controls_6595b64144ccf1df_6.0.18362.592_none_2e6de868278ee708\COMCTL32.dll
0x75fc0000 - 0x76236000 	C:\WINDOWS\System32\combase.dll
0x76670000 - 0x76695000 	C:\WINDOWS\System32\IMM32.DLL
0x610a0000 - 0x6115f000 	C:\Program Files (x86)\Arduino\java\bin\msvcr100.dll
0x59170000 - 0x59543000 	C:\Program Files (x86)\Arduino\java\bin\client\jvm.dll
0x764a0000 - 0x764a6000 	C:\WINDOWS\System32\PSAPI.DLL
0x64b60000 - 0x64b68000 	C:\WINDOWS\SYSTEM32\WSOCK32.dll
0x70e00000 - 0x70e24000 	C:\WINDOWS\SYSTEM32\WINMM.dll
0x74f70000 - 0x74f78000 	C:\WINDOWS\SYSTEM32\VERSION.dll
0x76610000 - 0x7666e000 	C:\WINDOWS\System32\WS2_32.dll
0x70c00000 - 0x70c23000 	C:\WINDOWS\SYSTEM32\WINMMBASE.dll
0x750c0000 - 0x750fb000 	C:\WINDOWS\System32\cfgmgr32.dll
0x61660000 - 0x61690000 	C:\Program Files (x86)\Arduino\java\bin\splashscreen.dll
0x72240000 - 0x722ba000 	C:\WINDOWS\system32\uxtheme.dll
0x65a20000 - 0x65a2c000 	C:\Program Files (x86)\Arduino\java\bin\verify.dll
0x61630000 - 0x61652000 	C:\Program Files (x86)\Arduino\java\bin\java.dll
0x775a0000 - 0x776a3000 	C:\WINDOWS\System32\MSCTF.dll
0x76400000 - 0x76492000 	C:\WINDOWS\System32\OLEAUT32.dll
0x64b70000 - 0x64b84000 	C:\Program Files (x86)\Arduino\java\bin\zip.dll
0x76b70000 - 0x76b7f000 	C:\WINDOWS\System32\kernel.appcore.dll
0x60370000 - 0x603f4000 	C:\WINDOWS\System32\TextInputFramework.dll
0x64d10000 - 0x64f6e000 	C:\WINDOWS\System32\CoreUIComponents.dll
0x64f70000 - 0x64ff9000 	C:\WINDOWS\System32\CoreMessaging.dll
0x75df0000 - 0x75e74000 	C:\WINDOWS\System32\SHCORE.dll
0x74f40000 - 0x74f69000 	C:\WINDOWS\SYSTEM32\ntmarta.dll
0x6b060000 - 0x6b13a000 	C:\WINDOWS\SYSTEM32\wintypes.dll
0x6b820000 - 0x6ba49000 	C:\WINDOWS\System32\iertutil.dll
0x752a0000 - 0x7581a000 	C:\WINDOWS\System32\SHELL32.dll
0x76b80000 - 0x77145000 	C:\WINDOWS\System32\windows.storage.dll
0x765f0000 - 0x76607000 	C:\WINDOWS\System32\profapi.dll
0x764b0000 - 0x764f3000 	C:\WINDOWS\System32\powrprof.dll
0x768b0000 - 0x768bd000 	C:\WINDOWS\System32\UMPDC.dll
0x75ea0000 - 0x75ee4000 	C:\WINDOWS\System32\shlwapi.dll
0x75ef0000 - 0x75f03000 	C:\WINDOWS\System32\cryptsp.dll
0x61940000 - 0x619b3000 	C:\Program Files (x86)\Arduino\lib\listSerialsj.dll
0x75820000 - 0x75c69000 	C:\WINDOWS\System32\SETUPAPI.dll
0x76730000 - 0x76749000 	C:\WINDOWS\System32\bcrypt.dll
0x61610000 - 0x6162d000 	C:\Program Files (x86)\Arduino\lib\jnidispatch-4.2.2-win32-x86.dll
0x76240000 - 0x76337000 	C:\WINDOWS\System32\Ole32.dll
0x61080000 - 0x61095000 	C:\Program Files (x86)\Arduino\java\bin\net.dll
0x73b20000 - 0x73b72000 	C:\WINDOWS\system32\mswsock.dll
0x61600000 - 0x6160f000 	C:\Program Files (x86)\Arduino\java\bin\nio.dll
0x60b30000 - 0x60c77000 	C:\Program Files (x86)\Arduino\java\bin\awt.dll
0x6a6e0000 - 0x6a77f000 	C:\WINDOWS\SYSTEM32\apphelp.dll
0x674e0000 - 0x67505000 	C:\WINDOWS\system32\DWMAPI.DLL
0x61040000 - 0x61079000 	C:\Program Files (x86)\Arduino\java\bin\fontmanager.dll
0x60520000 - 0x6061f000 	C:\WINDOWS\system32\opengl32.dll
0x61000000 - 0x6103f000 	C:\WINDOWS\SYSTEM32\GLU32.dll
0x6c270000 - 0x6c289000 	C:\WINDOWS\SYSTEM32\dxcore.dll
0x60fc0000 - 0x60ff2000 	C:\Program Files (x86)\Arduino\java\bin\t2k.dll
0x60fb0000 - 0x60fba000 	C:\Program Files (x86)\Arduino\java\bin\management.dll
0x6c9a0000 - 0x6c9b1000 	C:\WINDOWS\system32\napinsp.dll
0x6c980000 - 0x6c996000 	C:\WINDOWS\system32\pnrpnsp.dll
0x74d30000 - 0x74dc1000 	C:\WINDOWS\SYSTEM32\DNSAPI.dll
0x76560000 - 0x76567000 	C:\WINDOWS\System32\NSI.dll
0x74ce0000 - 0x74d12000 	C:\WINDOWS\SYSTEM32\IPHLPAPI.DLL
0x6c970000 - 0x6c97b000 	C:\WINDOWS\System32\winrnr.dll
0x6c950000 - 0x6c966000 	C:\WINDOWS\system32\NLAapi.dll
0x74b40000 - 0x74b50000 	C:\WINDOWS\system32\wshbth.dll
0x74c80000 - 0x74cd1000 	C:\WINDOWS\System32\fwpuclnt.dll
0x72300000 - 0x72308000 	C:\Windows\System32\rasadhlp.dll
0x74bc0000 - 0x74bd3000 	C:\WINDOWS\SYSTEM32\dhcpcsvc6.DLL
0x74ba0000 - 0x74bb5000 	C:\WINDOWS\SYSTEM32\dhcpcsvc.DLL
0x74eb0000 - 0x74edf000 	C:\WINDOWS\system32\rsaenh.dll
0x74a10000 - 0x74a2e000 	C:\WINDOWS\SYSTEM32\USERENV.dll
0x73af0000 - 0x73b13000 	C:\WINDOWS\SYSTEM32\DEVOBJ.dll
0x76b00000 - 0x76b46000 	C:\WINDOWS\System32\WINTRUST.dll
0x768c0000 - 0x768ce000 	C:\WINDOWS\System32\MSASN1.dll
0x75c70000 - 0x75d6b000 	C:\WINDOWS\System32\CRYPT32.dll
0x5cc80000 - 0x5cce9000 	C:\Program Files (x86)\Arduino\msvcp100.dll
0x590b0000 - 0x5916e000 	C:\Program Files (x86)\Arduino\msvcr100.dll
0x27890000 - 0x278c2000 	C:\Program Files (x86)\Arduino\lib\AStylej.dll
0x60f80000 - 0x60fa4000 	C:\Program Files (x86)\Arduino\java\bin\dcpr.dll
0x76570000 - 0x765f0000 	C:\WINDOWS\System32\clbcatq.dll
0x61bb0000 - 0x61d19000 	C:\WINDOWS\SYSTEM32\WindowsCodecs.dll
0x60210000 - 0x60241000 	C:\WINDOWS\system32\dataexchange.dll
0x60d50000 - 0x60f2e000 	C:\WINDOWS\system32\d3d11.dll
0x60760000 - 0x608c9000 	C:\WINDOWS\system32\dcomp.dll
0x60c80000 - 0x60d41000 	C:\WINDOWS\system32\dxgi.dll
0x62170000 - 0x62354000 	C:\WINDOWS\system32\twinapi.appcore.dll
0x650d0000 - 0x650ef000 	C:\WINDOWS\system32\RMCLIENT.dll
0x60b10000 - 0x60b30000 	C:\Program Files (x86)\Arduino\java\bin\sunec.dll
0x60510000 - 0x60519000 	C:\Program Files (x86)\Arduino\java\bin\sunmscapi.dll
0x64000000 - 0x6401b000 	C:\Program Files (x86)\Arduino\lib\jSSC-2.8_x86.dll
0x75f10000 - 0x75fc0000 	C:\WINDOWS\System32\COMDLG32.dll
0x69230000 - 0x692f5000 	C:\WINDOWS\system32\propsys.dll
0x58e00000 - 0x58e82000 	C:\Program Files (x86)\Common Files\microsoft shared\ink\tiptsf.dll
0x68df0000 - 0x68e0b000 	C:\WINDOWS\SYSTEM32\edputil.dll
0x50130000 - 0x5017a000 	C:\Windows\System32\thumbcache.dll
0x61dc0000 - 0x61e21000 	C:\WINDOWS\SYSTEM32\ntshrui.dll
0x6a870000 - 0x6a88c000 	C:\WINDOWS\SYSTEM32\srvcli.dll
0x68db0000 - 0x68dbe000 	C:\WINDOWS\SYSTEM32\cscapi.dll
0x5f910000 - 0x5f983000 	C:\WINDOWS\SYSTEM32\policymanager.dll
0x61a90000 - 0x61af5000 	C:\WINDOWS\SYSTEM32\msvcp110_win.dll
0x68dd0000 - 0x68deb000 	C:\WINDOWS\SYSTEM32\CLDAPI.dll
0x68dc0000 - 0x68dc8000 	C:\WINDOWS\SYSTEM32\FLTLIB.DLL
0x689a0000 - 0x68a2b000 	C:\Windows\System32\Windows.StateRepositoryPS.dll
0x58da0000 - 0x58df5000 	C:\Program Files (x86)\Dropbox\Client\DropboxExt.27.0.dll
0x58d30000 - 0x58d98000 	C:\WINDOWS\system32\PhotoMetadataHandler.dll
0x58bf0000 - 0x58d28000 	C:\Users\lreichs1\AppData\Local\Microsoft\OneDrive\19.232.1124.0005\FileSyncShell.dll
0x6a160000 - 0x6a5bc000 	C:\WINDOWS\SYSTEM32\WININET.dll
0x74d20000 - 0x74d2f000 	C:\WINDOWS\SYSTEM32\WTSAPI32.dll
0x6c6f0000 - 0x6c708000 	C:\WINDOWS\SYSTEM32\MPR.dll
0x58be0000 - 0x58be9000 	C:\WINDOWS\System32\drprov.dll
0x74bf0000 - 0x74c39000 	C:\WINDOWS\System32\WINSTA.dll
0x58bc0000 - 0x58bd2000 	C:\WINDOWS\System32\ntlanman.dll
0x58ba0000 - 0x58bb9000 	C:\WINDOWS\System32\davclnt.dll
0x58b90000 - 0x58b9a000 	C:\WINDOWS\System32\DAVHLPR.dll
0x6d730000 - 0x6d740000 	C:\WINDOWS\System32\wkscli.dll
0x6d610000 - 0x6d61b000 	C:\WINDOWS\System32\netutils.dll
0x75020000 - 0x7502a000 	C:\WINDOWS\SYSTEM32\Secur32.dll

VM Arguments:
jvm_args: -Dsun.java2d.d3d=false -Djna.nosys=true -Djna.nounpack=true -Djna.boot.library.name=jnidispatch-4.2.2-win32-x86 -Djna.boot.library.path=C:\Program Files (x86)\Arduino/lib -Djssc.library.path=C:\Program Files (x86)\Arduino/lib -DAPP_DIR=C:\Program Files (x86)\Arduino -Xms128M -Xmx512M -Dfile.encoding=UTF8 -Djava.net.preferIPv4Stack=true 
java_command: processing.app.Base Q:\groups\strontium\Lukas\Projects_LukasRbSr\RbSr_PrecBfieldSensor\ArduinoCodes\ad_driver_arduino_7175_8\ad_driver_arduino_7175_8.ino
java_class_path (initial): C:\Program Files (x86)\Arduino\lib\apple.jar;C:\Program Files (x86)\Arduino\lib\arduino-core.jar;C:\Program Files (x86)\Arduino\lib\batik-1.8.jar;C:\Program Files (x86)\Arduino\lib\batik-anim-1.8.jar;C:\Program Files (x86)\Arduino\lib\batik-awt-util-1.8.jar;C:\Program Files (x86)\Arduino\lib\batik-bridge-1.8.jar;C:\Program Files (x86)\Arduino\lib\batik-codec-1.8.jar;C:\Program Files (x86)\Arduino\lib\batik-css-1.8.jar;C:\Program Files (x86)\Arduino\lib\batik-dom-1.8.jar;C:\Program Files (x86)\Arduino\lib\batik-ext-1.8.jar;C:\Program Files (x86)\Arduino\lib\batik-gvt-1.8.jar;C:\Program Files (x86)\Arduino\lib\batik-parser-1.8.jar;C:\Program Files (x86)\Arduino\lib\batik-rasterizer-1.8.jar;C:\Program Files (x86)\Arduino\lib\batik-script-1.8.jar;C:\Program Files (x86)\Arduino\lib\batik-squiggle-1.8.jar;C:\Program Files (x86)\Arduino\lib\batik-svg-dom-1.8.jar;C:\Program Files (x86)\Arduino\lib\batik-svgpp-1.8.jar;C:\Program Files (x86)\Arduino\lib\batik-transcoder-1.8.jar;C:\Program Files (x86)\Arduino\lib\batik-util-1.8.jar;C:\Program Files (x86)\Arduino\lib\batik-xml-1.8.jar;C:\Program Files (x86)\Arduino\lib\bcpg-jdk15on-152.jar;C:\Program Files (x86)\Arduino\lib\bcprov-jdk15on-152.jar;C:\Program Files (x86)\Arduino\lib\commons-codec-1.7.jar;C:\Program Files (x86)\Arduino\lib\commons-compress-1.8.jar;C:\Program Files (x86)\Arduino\lib\commons-exec-1.1.jar;C:\Program Files (x86)\Arduino\lib\commons-httpclient-3.1.jar;C:\Program Files (x86)\Arduino\lib\commons-lang3-3.8.1.jar;C:\Program Files (x86)\Arduino\lib\commons-logging-1.0.4.jar;C:\Program Files (x86)\Arduino\lib\commons-net-3.3.jar;C:\Program Files (x86)\Arduino\lib\commons-io-2.6.jar;C:\Program Files (x86)\Arduino\lib\jackson-annotations-2.9.5.jar;C:\Program Files (x86)\Arduino\lib\jackson-core-2.9.5.jar;C:\Program Files (x86)\Arduino\lib\jackson-databind-2.9.5.jar;C:\Program Files (x86)\Arduino\lib\jackson-module-mrbean-2.9.5.jar;C:\Program Files (x86)\Arduino\lib\java-semver-0.8.
Launcher Type: SUN_STANDARD

Environment Variables:
USERNAME=lreichs1
OS=Windows_NT
PROCESSOR_IDENTIFIER=Intel64 Family 6 Model 158 Stepping 10, GenuineIntel



---------------  S Y S T E M  ---------------

OS: Windows 10.0 , 64 bit Build 18362 (10.0.18362.329)

CPU:total 12 (initial active 12) (6 cores per cpu, 2 threads per core) family 6 model 158 stepping 10, cmov, cx8, fxsr, mmx, sse, sse2, sse3, ssse3, sse4.1, sse4.2, popcnt, avx, avx2, aes, clmul, erms, 3dnowpref, lzcnt, ht, tsc, tscinvbit, bmi1, bmi2, adx

Memory: 4k page, physical 16624876k(9040876k free), swap 19115244k(10587468k free)

vm_info: Java HotSpot(TM) Client VM (25.191-b12) for windows-x86 JRE (1.8.0_191-b12), built on Oct  6 2018 08:34:23 by "java_re" with MS VC++ 10.0 (VS2010)

time: Tue Feb 11 16:11:17 2020
elapsed time: 3312 seconds (0d 0h 55m 12s)

